<?xml version="1.0" encoding="utf-8"?>
<CoverageSession xmlns:xsd="http://www.w3.org/2001/XMLSchema" xmlns:xsi="http://www.w3.org/2001/XMLSchema-instance">
  <Modules>
    <Module skippedDueTo="Filter" hash="66-F0-E0-1F-E3-CA-B2-D0-A2-4D-B2-DE-6B-93-1D-A0-FE-32-4E-E7">
      <FullName>C:\Windows\Microsoft.Net\assembly\GAC_32\mscorlib\v4.0_4.0.0.0__b77a5c561934e089\mscorlib.dll</FullName>
      <ModuleName>mscorlib</ModuleName>
      <Classes />
    </Module>
    <Module skippedDueTo="MissingPdb" hash="F2-88-6F-25-4E-20-75-4B-26-EB-92-FB-BB-B2-61-C4-AE-3C-02-C0">
      <FullName>C:\Program Files (x86)\SharpDevelop\4.4\bin\Tools\NUnit\nunit-console-x86.exe</FullName>
      <ModuleName>nunit-console</ModuleName>
      <Classes />
    </Module>
    <Module skippedDueTo="MissingPdb" hash="33-E1-CA-24-52-5A-B7-C7-C4-AF-91-2C-A9-4A-C0-37-67-0D-5B-FE">
      <FullName>C:\Program Files (x86)\SharpDevelop\4.4\bin\Tools\NUnit\lib\nunit.core.dll</FullName>
      <ModuleName>nunit.core</ModuleName>
      <Classes />
    </Module>
    <Module skippedDueTo="MissingPdb" hash="2A-C4-E5-DE-F3-EE-AD-84-E1-65-84-CC-15-90-76-96-E7-01-44-4E">
      <FullName>C:\Program Files (x86)\SharpDevelop\4.4\bin\Tools\NUnit\lib\nunit-console-runner.dll</FullName>
      <ModuleName>nunit-console-runner</ModuleName>
      <Classes />
    </Module>
    <Module skippedDueTo="MissingPdb" hash="74-74-F6-87-59-E1-5F-4F-5F-5E-6E-82-50-E8-E2-46-D4-86-15-76">
      <FullName>C:\Program Files (x86)\SharpDevelop\4.4\bin\Tools\NUnit\lib\nunit.util.dll</FullName>
      <ModuleName>nunit.util</ModuleName>
      <Classes />
    </Module>
    <Module skippedDueTo="MissingPdb" hash="D3-A4-4D-85-55-F7-CE-EF-A5-90-AA-EF-58-E0-9F-B6-CC-27-99-53">
      <FullName>C:\Program Files (x86)\SharpDevelop\4.4\bin\Tools\NUnit\lib\nunit.core.interfaces.dll</FullName>
      <ModuleName>nunit.core.interfaces</ModuleName>
      <Classes />
    </Module>
    <Module skippedDueTo="Filter" hash="8E-0E-EC-DF-A6-A6-A0-CB-D3-B7-12-AE-28-BD-EA-06-8D-F6-D4-F7">
      <FullName>C:\Windows\Microsoft.Net\assembly\GAC_MSIL\System.Configuration\v4.0_4.0.0.0__b03f5f7f11d50a3a\System.Configuration.dll</FullName>
      <ModuleName>System.Configuration</ModuleName>
      <Classes />
    </Module>
    <Module skippedDueTo="Filter" hash="54-15-87-20-D6-9C-8C-38-05-28-AA-8A-0D-15-17-AC-89-86-4F-66">
      <FullName>C:\Windows\Microsoft.Net\assembly\GAC_MSIL\System\v4.0_4.0.0.0__b77a5c561934e089\System.dll</FullName>
      <ModuleName>System</ModuleName>
      <Classes />
    </Module>
    <Module skippedDueTo="Filter" hash="25-77-B7-9A-7C-A8-47-7D-F4-12-56-E1-C0-A0-E4-AB-A2-3F-22-22">
      <FullName>C:\Windows\Microsoft.Net\assembly\GAC_MSIL\System.Xml\v4.0_4.0.0.0__b77a5c561934e089\System.Xml.dll</FullName>
      <ModuleName>System.Xml</ModuleName>
      <Classes />
    </Module>
    <Module skippedDueTo="Filter" hash="C6-69-8D-A4-B1-78-E1-20-26-DD-4D-C6-0B-A2-FB-E4-7A-96-50-87">
      <FullName>C:\Windows\Microsoft.Net\assembly\GAC_MSIL\System.Runtime.Remoting\v4.0_4.0.0.0__b77a5c561934e089\System.Runtime.Remoting.dll</FullName>
      <ModuleName>System.Runtime.Remoting</ModuleName>
      <Classes />
    </Module>
    <Module skippedDueTo="MissingPdb" hash="33-E1-CA-24-52-5A-B7-C7-C4-AF-91-2C-A9-4A-C0-37-67-0D-5B-FE">
      <FullName>C:\Program Files (x86)\SharpDevelop\4.4\bin\Tools\NUnit\lib\nunit.core.dll</FullName>
      <ModuleName>nunit.core</ModuleName>
      <Classes />
    </Module>
    <Module skippedDueTo="Filter" hash="54-15-87-20-D6-9C-8C-38-05-28-AA-8A-0D-15-17-AC-89-86-4F-66">
      <FullName>C:\Windows\Microsoft.Net\assembly\GAC_MSIL\System\v4.0_4.0.0.0__b77a5c561934e089\System.dll</FullName>
      <ModuleName>System</ModuleName>
      <Classes />
    </Module>
    <Module skippedDueTo="Filter" hash="25-77-B7-9A-7C-A8-47-7D-F4-12-56-E1-C0-A0-E4-AB-A2-3F-22-22">
      <FullName>C:\Windows\Microsoft.Net\assembly\GAC_MSIL\System.Xml\v4.0_4.0.0.0__b77a5c561934e089\System.Xml.dll</FullName>
      <ModuleName>System.Xml</ModuleName>
      <Classes />
    </Module>
    <Module skippedDueTo="MissingPdb" hash="D3-A4-4D-85-55-F7-CE-EF-A5-90-AA-EF-58-E0-9F-B6-CC-27-99-53">
      <FullName>C:\Program Files (x86)\SharpDevelop\4.4\bin\Tools\NUnit\lib\nunit.core.interfaces.dll</FullName>
      <ModuleName>nunit.core.interfaces</ModuleName>
      <Classes />
    </Module>
    <Module hash="8B-61-7F-17-F4-ED-88-C4-4C-63-BC-F4-EA-2C-E8-87-D1-98-C1-9A">
      <FullName>C:\Users\Admin\AppData\Local\Temp\nunit20\ShadowCopyCache\5044_635810188554766464\Tests_318877650\assembly\dl3\e648ac01\bf03ff27_cf0bd101\UnitTests.dll</FullName>
      <ModuleName>UnitTests</ModuleName>
      <Files>
        <File uid="1" fullPath="d:\dev\LispTest\UnitTests\Test_01_Parser.cs" />
        <File uid="2" fullPath="d:\dev\LispTest\UnitTests\Test_02_StateMachine.cs" />
      </Files>
      <Classes>
        <Class>
          <FullName>&lt;Module&gt;</FullName>
          <Methods />
        </Class>
        <Class>
          <FullName>UnitTests.Test_01_Parser</FullName>
          <Methods>
            <Method visited="true" cyclomaticComplexity="1" sequenceCoverage="75" branchCoverage="100" isConstructor="false" isStatic="false" isGetter="false" isSetter="false">
              <MetadataToken>100663297</MetadataToken>
              <Name>System.Void UnitTests.Test_01_Parser::Test_01_Levels()</Name>
              <FileRef uid="1" />
              <SequencePoints>
                <SequencePoint vc="1" uspid="1" ordinal="0" offset="0" sl="13" sc="3" el="13" ec="4" />
                <SequencePoint vc="1" uspid="2" ordinal="1" offset="1" sl="14" sc="4" el="14" ec="22" />
                <SequencePoint vc="1" uspid="3" ordinal="2" offset="7" sl="16" sc="4" el="16" ec="38" />
                <SequencePoint vc="1" uspid="4" ordinal="3" offset="14" sl="17" sc="4" el="17" ec="34" />
                <SequencePoint vc="1" uspid="5" ordinal="4" offset="27" sl="18" sc="4" el="18" ec="57" />
                <SequencePoint vc="1" uspid="6" ordinal="5" offset="66" sl="19" sc="4" el="19" ec="54" />
                <SequencePoint vc="0" uspid="7" ordinal="6" offset="101" sl="20" sc="4" el="20" ec="57" />
                <SequencePoint vc="0" uspid="8" ordinal="7" offset="140" sl="21" sc="3" el="21" ec="4" />
              </SequencePoints>
              <BranchPoints />
              <MethodPoint xsi:type="SequencePoint" vc="1" uspid="1" ordinal="0" offset="0" sl="13" sc="3" el="13" ec="4" />
            </Method>
            <Method visited="false" cyclomaticComplexity="1" sequenceCoverage="0" branchCoverage="0" isConstructor="false" isStatic="false" isGetter="false" isSetter="false">
              <MetadataToken>100663298</MetadataToken>
              <Name>System.Void UnitTests.Test_01_Parser::Test_02_Levels()</Name>
              <FileRef uid="1" />
              <SequencePoints>
                <SequencePoint vc="0" uspid="9" ordinal="0" offset="0" sl="25" sc="3" el="25" ec="4" />
                <SequencePoint vc="0" uspid="10" ordinal="1" offset="1" sl="26" sc="4" el="26" ec="28" />
                <SequencePoint vc="0" uspid="11" ordinal="2" offset="7" sl="27" sc="4" el="27" ec="40" />
                <SequencePoint vc="0" uspid="12" ordinal="3" offset="14" sl="28" sc="4" el="28" ec="50" />
                <SequencePoint vc="0" uspid="13" ordinal="4" offset="35" sl="29" sc="4" el="29" ec="50" />
                <SequencePoint vc="0" uspid="14" ordinal="5" offset="56" sl="30" sc="10" el="30" ec="56" />
                <SequencePoint vc="0" uspid="15" ordinal="6" offset="77" sl="31" sc="10" el="31" ec="56" />
                <SequencePoint vc="0" uspid="16" ordinal="7" offset="98" sl="32" sc="10" el="32" ec="56" />
                <SequencePoint vc="0" uspid="17" ordinal="8" offset="119" sl="33" sc="10" el="33" ec="56" />
                <SequencePoint vc="0" uspid="18" ordinal="9" offset="140" sl="34" sc="10" el="34" ec="56" />
                <SequencePoint vc="0" uspid="19" ordinal="10" offset="161" sl="35" sc="4" el="35" ec="50" />
                <SequencePoint vc="0" uspid="20" ordinal="11" offset="182" sl="36" sc="4" el="36" ec="50" />
                <SequencePoint vc="0" uspid="21" ordinal="12" offset="203" sl="37" sc="4" el="37" ec="50" />
                <SequencePoint vc="0" uspid="22" ordinal="13" offset="225" sl="38" sc="4" el="38" ec="51" />
                <SequencePoint vc="0" uspid="23" ordinal="14" offset="247" sl="39" sc="3" el="39" ec="4" />
              </SequencePoints>
              <BranchPoints />
              <MethodPoint xsi:type="SequencePoint" vc="0" uspid="9" ordinal="0" offset="0" sl="25" sc="3" el="25" ec="4" />
            </Method>
            <Method visited="false" cyclomaticComplexity="1" sequenceCoverage="0" branchCoverage="0" isConstructor="false" isStatic="false" isGetter="false" isSetter="false">
              <MetadataToken>100663299</MetadataToken>
              <Name>System.Void UnitTests.Test_01_Parser::Test_03_Levels()</Name>
              <FileRef uid="1" />
              <SequencePoints>
                <SequencePoint vc="0" uspid="24" ordinal="0" offset="0" sl="43" sc="3" el="43" ec="4" />
                <SequencePoint vc="0" uspid="25" ordinal="1" offset="1" sl="44" sc="4" el="44" ec="27" />
                <SequencePoint vc="0" uspid="26" ordinal="2" offset="7" sl="45" sc="4" el="45" ec="40" />
                <SequencePoint vc="0" uspid="27" ordinal="3" offset="14" sl="46" sc="4" el="46" ec="50" />
                <SequencePoint vc="0" uspid="28" ordinal="4" offset="35" sl="47" sc="4" el="47" ec="50" />
                <SequencePoint vc="0" uspid="29" ordinal="5" offset="56" sl="48" sc="4" el="48" ec="50" />
                <SequencePoint vc="0" uspid="30" ordinal="6" offset="77" sl="49" sc="4" el="49" ec="50" />
                <SequencePoint vc="0" uspid="31" ordinal="7" offset="98" sl="50" sc="4" el="50" ec="50" />
                <SequencePoint vc="0" uspid="32" ordinal="8" offset="119" sl="51" sc="4" el="51" ec="50" />
                <SequencePoint vc="0" uspid="33" ordinal="9" offset="140" sl="52" sc="4" el="52" ec="50" />
                <SequencePoint vc="0" uspid="34" ordinal="10" offset="161" sl="53" sc="4" el="53" ec="50" />
                <SequencePoint vc="0" uspid="35" ordinal="11" offset="182" sl="54" sc="4" el="54" ec="50" />
                <SequencePoint vc="0" uspid="36" ordinal="12" offset="203" sl="55" sc="4" el="55" ec="50" />
                <SequencePoint vc="0" uspid="37" ordinal="13" offset="225" sl="56" sc="3" el="56" ec="4" />
              </SequencePoints>
              <BranchPoints />
              <MethodPoint xsi:type="SequencePoint" vc="0" uspid="24" ordinal="0" offset="0" sl="43" sc="3" el="43" ec="4" />
            </Method>
            <Method visited="false" cyclomaticComplexity="1" sequenceCoverage="0" branchCoverage="0" isConstructor="false" isStatic="false" isGetter="false" isSetter="false">
              <MetadataToken>100663300</MetadataToken>
              <Name>System.Void UnitTests.Test_01_Parser::Test_04_Levels()</Name>
              <FileRef uid="1" />
              <SequencePoints>
                <SequencePoint vc="0" uspid="38" ordinal="0" offset="0" sl="60" sc="3" el="60" ec="4" />
                <SequencePoint vc="0" uspid="39" ordinal="1" offset="1" sl="61" sc="4" el="61" ec="30" />
                <SequencePoint vc="0" uspid="40" ordinal="2" offset="7" sl="62" sc="4" el="62" ec="40" />
                <SequencePoint vc="0" uspid="41" ordinal="3" offset="14" sl="63" sc="4" el="63" ec="50" />
                <SequencePoint vc="0" uspid="42" ordinal="4" offset="35" sl="64" sc="4" el="64" ec="50" />
                <SequencePoint vc="0" uspid="43" ordinal="5" offset="56" sl="65" sc="4" el="65" ec="50" />
                <SequencePoint vc="0" uspid="44" ordinal="6" offset="77" sl="66" sc="4" el="66" ec="50" />
                <SequencePoint vc="0" uspid="45" ordinal="7" offset="98" sl="67" sc="4" el="67" ec="50" />
                <SequencePoint vc="0" uspid="46" ordinal="8" offset="119" sl="68" sc="4" el="68" ec="50" />
                <SequencePoint vc="0" uspid="47" ordinal="9" offset="140" sl="69" sc="4" el="69" ec="50" />
                <SequencePoint vc="0" uspid="48" ordinal="10" offset="161" sl="70" sc="4" el="70" ec="50" />
                <SequencePoint vc="0" uspid="49" ordinal="11" offset="182" sl="71" sc="4" el="71" ec="50" />
                <SequencePoint vc="0" uspid="50" ordinal="12" offset="203" sl="72" sc="4" el="72" ec="50" />
                <SequencePoint vc="0" uspid="51" ordinal="13" offset="225" sl="73" sc="4" el="73" ec="50" />
                <SequencePoint vc="0" uspid="52" ordinal="14" offset="247" sl="74" sc="3" el="74" ec="4" />
              </SequencePoints>
              <BranchPoints />
              <MethodPoint xsi:type="SequencePoint" vc="0" uspid="38" ordinal="0" offset="0" sl="60" sc="3" el="60" ec="4" />
            </Method>
            <Method visited="false" cyclomaticComplexity="1" sequenceCoverage="0" branchCoverage="0" isConstructor="false" isStatic="false" isGetter="false" isSetter="false">
              <MetadataToken>100663301</MetadataToken>
              <Name>System.Void UnitTests.Test_01_Parser::Test_04_1_RemoveWhiteSpav()</Name>
              <FileRef uid="1" />
              <SequencePoints>
                <SequencePoint vc="0" uspid="53" ordinal="0" offset="0" sl="78" sc="3" el="78" ec="4" />
                <SequencePoint vc="0" uspid="54" ordinal="1" offset="1" sl="79" sc="4" el="79" ec="44" />
                <SequencePoint vc="0" uspid="55" ordinal="2" offset="7" sl="80" sc="4" el="80" ec="36" />
                <SequencePoint vc="0" uspid="56" ordinal="3" offset="15" sl="81" sc="4" el="81" ec="41" />
                <SequencePoint vc="0" uspid="57" ordinal="4" offset="27" sl="83" sc="4" el="83" ec="38" />
                <SequencePoint vc="0" uspid="58" ordinal="5" offset="33" sl="84" sc="4" el="84" ec="32" />
                <SequencePoint vc="0" uspid="59" ordinal="6" offset="41" sl="85" sc="4" el="85" ec="41" />
                <SequencePoint vc="0" uspid="60" ordinal="7" offset="53" sl="87" sc="4" el="87" ec="39" />
                <SequencePoint vc="0" uspid="61" ordinal="8" offset="59" sl="88" sc="4" el="88" ec="32" />
                <SequencePoint vc="0" uspid="62" ordinal="9" offset="67" sl="89" sc="4" el="89" ec="41" />
                <SequencePoint vc="0" uspid="63" ordinal="10" offset="79" sl="90" sc="3" el="90" ec="4" />
              </SequencePoints>
              <BranchPoints />
              <MethodPoint xsi:type="SequencePoint" vc="0" uspid="53" ordinal="0" offset="0" sl="78" sc="3" el="78" ec="4" />
            </Method>
            <Method visited="false" cyclomaticComplexity="1" sequenceCoverage="0" branchCoverage="0" isConstructor="false" isStatic="false" isGetter="false" isSetter="false">
              <MetadataToken>100663302</MetadataToken>
              <Name>System.Void UnitTests.Test_01_Parser::Test_05_Tree()</Name>
              <FileRef uid="1" />
              <SequencePoints>
                <SequencePoint vc="0" uspid="64" ordinal="0" offset="0" sl="94" sc="3" el="94" ec="4" />
                <SequencePoint vc="0" uspid="65" ordinal="1" offset="1" sl="95" sc="4" el="95" ec="26" />
                <SequencePoint vc="0" uspid="66" ordinal="2" offset="7" sl="97" sc="4" el="97" ec="38" />
                <SequencePoint vc="0" uspid="67" ordinal="3" offset="14" sl="98" sc="4" el="98" ec="34" />
                <SequencePoint vc="0" uspid="68" ordinal="4" offset="27" sl="99" sc="4" el="99" ec="45" />
                <SequencePoint vc="0" uspid="69" ordinal="5" offset="44" sl="101" sc="4" el="101" ec="47" />
                <SequencePoint vc="0" uspid="70" ordinal="6" offset="72" sl="102" sc="4" el="102" ec="47" />
                <SequencePoint vc="0" uspid="71" ordinal="7" offset="100" sl="103" sc="4" el="103" ec="49" />
                <SequencePoint vc="0" uspid="72" ordinal="8" offset="128" sl="104" sc="3" el="104" ec="4" />
              </SequencePoints>
              <BranchPoints />
              <MethodPoint xsi:type="SequencePoint" vc="0" uspid="64" ordinal="0" offset="0" sl="94" sc="3" el="94" ec="4" />
            </Method>
            <Method visited="false" cyclomaticComplexity="1" sequenceCoverage="0" branchCoverage="0" isConstructor="false" isStatic="false" isGetter="false" isSetter="false">
              <MetadataToken>100663303</MetadataToken>
              <Name>System.Void UnitTests.Test_01_Parser::Test_06_Tree()</Name>
              <FileRef uid="1" />
              <SequencePoints>
                <SequencePoint vc="0" uspid="73" ordinal="0" offset="0" sl="108" sc="3" el="108" ec="4" />
                <SequencePoint vc="0" uspid="74" ordinal="1" offset="1" sl="109" sc="4" el="112" ec="21" />
                <SequencePoint vc="0" uspid="75" ordinal="2" offset="7" sl="114" sc="4" el="114" ec="38" />
                <SequencePoint vc="0" uspid="76" ordinal="3" offset="14" sl="115" sc="4" el="115" ec="34" />
                <SequencePoint vc="0" uspid="77" ordinal="4" offset="27" sl="116" sc="4" el="116" ec="44" />
                <SequencePoint vc="0" uspid="78" ordinal="5" offset="51" sl="117" sc="4" el="117" ec="44" />
                <SequencePoint vc="0" uspid="79" ordinal="6" offset="75" sl="118" sc="3" el="118" ec="4" />
              </SequencePoints>
              <BranchPoints />
              <MethodPoint xsi:type="SequencePoint" vc="0" uspid="73" ordinal="0" offset="0" sl="108" sc="3" el="108" ec="4" />
            </Method>
            <Method visited="true" cyclomaticComplexity="1" sequenceCoverage="0" branchCoverage="0" isConstructor="true" isStatic="false" isGetter="false" isSetter="false">
              <MetadataToken>100663304</MetadataToken>
              <Name>System.Void UnitTests.Test_01_Parser::.ctor()</Name>
              <SequencePoints />
              <BranchPoints />
              <MethodPoint vc="1" uspid="80" ordinal="0" offset="0" />
            </Method>
          </Methods>
        </Class>
        <Class>
          <FullName>UnitTests.Test_02_StateMachine</FullName>
          <Methods>
            <Method visited="false" cyclomaticComplexity="1" sequenceCoverage="0" branchCoverage="0" isConstructor="false" isStatic="false" isGetter="false" isSetter="false">
              <MetadataToken>100663305</MetadataToken>
              <Name>System.Void UnitTests.Test_02_StateMachine::Test_01_Init()</Name>
              <FileRef uid="2" />
              <SequencePoints>
                <SequencePoint vc="0" uspid="81" ordinal="0" offset="0" sl="13" sc="3" el="13" ec="4" />
                <SequencePoint vc="0" uspid="82" ordinal="1" offset="1" sl="14" sc="4" el="14" ec="32" />
                <SequencePoint vc="0" uspid="83" ordinal="2" offset="7" sl="15" sc="4" el="15" ec="61" />
                <SequencePoint vc="0" uspid="84" ordinal="3" offset="30" sl="16" sc="4" el="16" ec="32" />
                <SequencePoint vc="0" uspid="85" ordinal="4" offset="43" sl="17" sc="4" el="17" ec="31" />
                <SequencePoint vc="0" uspid="86" ordinal="5" offset="56" sl="18" sc="3" el="18" ec="4" />
              </SequencePoints>
              <BranchPoints />
              <MethodPoint xsi:type="SequencePoint" vc="0" uspid="81" ordinal="0" offset="0" sl="13" sc="3" el="13" ec="4" />
            </Method>
            <Method visited="false" cyclomaticComplexity="1" sequenceCoverage="0" branchCoverage="0" isConstructor="false" isStatic="false" isGetter="false" isSetter="false">
              <MetadataToken>100663306</MetadataToken>
              <Name>System.Void UnitTests.Test_02_StateMachine::Test_02_WaitIdentifier()</Name>
              <FileRef uid="2" />
              <SequencePoints>
                <SequencePoint vc="0" uspid="87" ordinal="0" offset="0" sl="22" sc="3" el="22" ec="4" />
                <SequencePoint vc="0" uspid="88" ordinal="1" offset="1" sl="23" sc="4" el="23" ec="32" />
                <SequencePoint vc="0" uspid="89" ordinal="2" offset="7" sl="24" sc="4" el="24" ec="21" />
                <SequencePoint vc="0" uspid="90" ordinal="3" offset="16" sl="25" sc="4" el="25" ec="32" />
                <SequencePoint vc="0" uspid="91" ordinal="4" offset="29" sl="26" sc="4" el="26" ec="31" />
                <SequencePoint vc="0" uspid="92" ordinal="5" offset="42" sl="27" sc="4" el="27" ec="22" />
                <SequencePoint vc="0" uspid="93" ordinal="6" offset="51" sl="28" sc="4" el="28" ec="32" />
                <SequencePoint vc="0" uspid="94" ordinal="7" offset="64" sl="29" sc="4" el="29" ec="31" />
                <SequencePoint vc="0" uspid="95" ordinal="8" offset="77" sl="30" sc="4" el="30" ec="21" />
                <SequencePoint vc="0" uspid="96" ordinal="9" offset="86" sl="31" sc="4" el="31" ec="69" />
                <SequencePoint vc="0" uspid="97" ordinal="10" offset="109" sl="32" sc="3" el="32" ec="4" />
              </SequencePoints>
              <BranchPoints />
              <MethodPoint xsi:type="SequencePoint" vc="0" uspid="87" ordinal="0" offset="0" sl="22" sc="3" el="22" ec="4" />
            </Method>
            <Method visited="false" cyclomaticComplexity="1" sequenceCoverage="0" branchCoverage="0" isConstructor="false" isStatic="false" isGetter="false" isSetter="false">
              <MetadataToken>100663307</MetadataToken>
              <Name>System.Void UnitTests.Test_02_StateMachine::Test_03_NoLP()</Name>
              <FileRef uid="2" />
              <SequencePoints>
                <SequencePoint vc="0" uspid="98" ordinal="0" offset="0" sl="37" sc="3" el="37" ec="4" />
                <SequencePoint vc="0" uspid="99" ordinal="1" offset="1" sl="38" sc="4" el="38" ec="32" />
                <SequencePoint vc="0" uspid="100" ordinal="2" offset="7" sl="40" sc="4" el="40" ec="21" />
                <SequencePoint vc="0" uspid="101" ordinal="3" offset="16" sl="41" sc="4" el="41" ec="22" />
                <SequencePoint vc="0" uspid="102" ordinal="4" offset="25" sl="42" sc="4" el="42" ec="21" />
                <SequencePoint vc="0" uspid="103" ordinal="5" offset="34" sl="43" sc="3" el="43" ec="4" />
              </SequencePoints>
              <BranchPoints />
              <MethodPoint xsi:type="SequencePoint" vc="0" uspid="98" ordinal="0" offset="0" sl="37" sc="3" el="37" ec="4" />
            </Method>
            <Method visited="false" cyclomaticComplexity="1" sequenceCoverage="0" branchCoverage="0" isConstructor="false" isStatic="false" isGetter="false" isSetter="false">
              <MetadataToken>100663308</MetadataToken>
              <Name>System.Void UnitTests.Test_02_StateMachine::Test_04_NoIdent()</Name>
              <FileRef uid="2" />
              <SequencePoints>
                <SequencePoint vc="0" uspid="104" ordinal="0" offset="0" sl="48" sc="3" el="48" ec="4" />
                <SequencePoint vc="0" uspid="105" ordinal="1" offset="1" sl="49" sc="4" el="49" ec="32" />
                <SequencePoint vc="0" uspid="106" ordinal="2" offset="7" sl="51" sc="4" el="51" ec="21" />
                <SequencePoint vc="0" uspid="107" ordinal="3" offset="16" sl="52" sc="4" el="52" ec="21" />
                <SequencePoint vc="0" uspid="108" ordinal="4" offset="25" sl="53" sc="3" el="53" ec="4" />
              </SequencePoints>
              <BranchPoints />
              <MethodPoint xsi:type="SequencePoint" vc="0" uspid="104" ordinal="0" offset="0" sl="48" sc="3" el="48" ec="4" />
            </Method>
            <Method visited="false" cyclomaticComplexity="1" sequenceCoverage="0" branchCoverage="0" isConstructor="false" isStatic="false" isGetter="false" isSetter="false">
              <MetadataToken>100663309</MetadataToken>
              <Name>System.Void UnitTests.Test_02_StateMachine::Test_04_ReadIdent()</Name>
              <FileRef uid="2" />
              <SequencePoints>
                <SequencePoint vc="0" uspid="109" ordinal="0" offset="0" sl="57" sc="3" el="57" ec="4" />
                <SequencePoint vc="0" uspid="110" ordinal="1" offset="1" sl="58" sc="4" el="58" ec="38" />
                <SequencePoint vc="0" uspid="111" ordinal="2" offset="12" sl="60" sc="4" el="60" ec="67" />
                <SequencePoint vc="0" uspid="112" ordinal="3" offset="35" sl="61" sc="3" el="61" ec="4" />
              </SequencePoints>
              <BranchPoints />
              <MethodPoint xsi:type="SequencePoint" vc="0" uspid="109" ordinal="0" offset="0" sl="57" sc="3" el="57" ec="4" />
            </Method>
            <Method visited="false" cyclomaticComplexity="1" sequenceCoverage="0" branchCoverage="0" isConstructor="false" isStatic="false" isGetter="false" isSetter="false">
              <MetadataToken>100663310</MetadataToken>
              <Name>System.Void UnitTests.Test_02_StateMachine::Test_05_Ident()</Name>
              <FileRef uid="2" />
              <SequencePoints>
                <SequencePoint vc="0" uspid="113" ordinal="0" offset="0" sl="65" sc="3" el="65" ec="4" />
                <SequencePoint vc="0" uspid="114" ordinal="1" offset="1" sl="66" sc="4" el="66" ec="34" />
                <SequencePoint vc="0" uspid="115" ordinal="2" offset="12" sl="67" sc="4" el="67" ec="41" />
                <SequencePoint vc="0" uspid="116" ordinal="3" offset="21" sl="68" sc="4" el="68" ec="62" />
                <SequencePoint vc="0" uspid="117" ordinal="4" offset="50" sl="69" sc="4" el="69" ec="21" />
                <SequencePoint vc="0" uspid="118" ordinal="5" offset="59" sl="70" sc="4" el="70" ec="21" />
                <SequencePoint vc="0" uspid="119" ordinal="6" offset="68" sl="71" sc="4" el="71" ec="27" />
                <SequencePoint vc="0" uspid="120" ordinal="7" offset="77" sl="72" sc="4" el="72" ec="52" />
                <SequencePoint vc="0" uspid="121" ordinal="8" offset="106" sl="73" sc="4" el="73" ec="43" />
                <SequencePoint vc="0" uspid="122" ordinal="9" offset="129" sl="74" sc="4" el="74" ec="67" />
                <SequencePoint vc="0" uspid="123" ordinal="10" offset="152" sl="75" sc="3" el="75" ec="4" />
              </SequencePoints>
              <BranchPoints />
              <MethodPoint xsi:type="SequencePoint" vc="0" uspid="113" ordinal="0" offset="0" sl="65" sc="3" el="65" ec="4" />
            </Method>
            <Method visited="false" cyclomaticComplexity="1" sequenceCoverage="0" branchCoverage="0" isConstructor="false" isStatic="false" isGetter="false" isSetter="false">
              <MetadataToken>100663311</MetadataToken>
              <Name>System.Void UnitTests.Test_02_StateMachine::Test_06_End()</Name>
              <FileRef uid="2" />
              <SequencePoints>
                <SequencePoint vc="0" uspid="124" ordinal="0" offset="0" sl="79" sc="3" el="79" ec="4" />
                <SequencePoint vc="0" uspid="125" ordinal="1" offset="1" sl="80" sc="4" el="80" ec="38" />
                <SequencePoint vc="0" uspid="126" ordinal="2" offset="12" sl="81" sc="4" el="81" ec="31" />
                <SequencePoint vc="0" uspid="127" ordinal="3" offset="21" sl="82" sc="4" el="82" ec="53" />
                <SequencePoint vc="0" uspid="128" ordinal="4" offset="50" sl="83" sc="4" el="83" ec="60" />
                <SequencePoint vc="0" uspid="129" ordinal="5" offset="79" sl="84" sc="3" el="84" ec="4" />
              </SequencePoints>
              <BranchPoints />
              <MethodPoint xsi:type="SequencePoint" vc="0" uspid="124" ordinal="0" offset="0" sl="79" sc="3" el="79" ec="4" />
            </Method>
            <Method visited="false" cyclomaticComplexity="1" sequenceCoverage="0" branchCoverage="0" isConstructor="false" isStatic="false" isGetter="false" isSetter="false">
              <MetadataToken>100663312</MetadataToken>
              <Name>System.Void UnitTests.Test_02_StateMachine::Test_07_All()</Name>
              <FileRef uid="2" />
              <SequencePoints>
                <SequencePoint vc="0" uspid="130" ordinal="0" offset="0" sl="88" sc="3" el="88" ec="4" />
                <SequencePoint vc="0" uspid="131" ordinal="1" offset="1" sl="89" sc="4" el="89" ec="21" />
                <SequencePoint vc="0" uspid="132" ordinal="2" offset="7" sl="90" sc="4" el="90" ec="32" />
                <SequencePoint vc="0" uspid="133" ordinal="3" offset="13" sl="91" sc="4" el="91" ec="28" />
                <SequencePoint vc="0" uspid="134" ordinal="4" offset="25" sl="93" sc="4" el="93" ec="28" />
                <SequencePoint vc="0" uspid="135" ordinal="5" offset="32" sl="94" sc="4" el="94" ec="62" />
                <SequencePoint vc="0" uspid="136" ordinal="6" offset="61" sl="96" sc="4" el="96" ec="24" />
                <SequencePoint vc="0" uspid="137" ordinal="7" offset="68" sl="97" sc="4" el="97" ec="34" />
                <SequencePoint vc="0" uspid="138" ordinal="8" offset="81" sl="98" sc="4" el="98" ec="67" />
                <SequencePoint vc="0" uspid="139" ordinal="9" offset="104" sl="100" sc="4" el="100" ec="24" />
                <SequencePoint vc="0" uspid="140" ordinal="10" offset="111" sl="101" sc="4" el="101" ec="52" />
                <SequencePoint vc="0" uspid="141" ordinal="11" offset="140" sl="102" sc="4" el="102" ec="42" />
                <SequencePoint vc="0" uspid="142" ordinal="12" offset="163" sl="104" sc="4" el="104" ec="24" />
                <SequencePoint vc="0" uspid="143" ordinal="13" offset="170" sl="105" sc="4" el="105" ec="35" />
                <SequencePoint vc="0" uspid="144" ordinal="14" offset="183" sl="106" sc="4" el="106" ec="68" />
                <SequencePoint vc="0" uspid="145" ordinal="15" offset="206" sl="108" sc="4" el="108" ec="24" />
                <SequencePoint vc="0" uspid="146" ordinal="16" offset="213" sl="109" sc="4" el="109" ec="53" />
                <SequencePoint vc="0" uspid="147" ordinal="17" offset="242" sl="110" sc="4" el="110" ec="42" />
                <SequencePoint vc="0" uspid="148" ordinal="18" offset="265" sl="112" sc="4" el="112" ec="26" />
                <SequencePoint vc="0" uspid="149" ordinal="19" offset="273" sl="113" sc="4" el="113" ec="34" />
                <SequencePoint vc="0" uspid="150" ordinal="20" offset="286" sl="114" sc="4" el="114" ec="68" />
                <SequencePoint vc="0" uspid="151" ordinal="21" offset="309" sl="116" sc="4" el="116" ec="24" />
                <SequencePoint vc="0" uspid="152" ordinal="22" offset="316" sl="117" sc="4" el="117" ec="53" />
                <SequencePoint vc="0" uspid="153" ordinal="23" offset="345" sl="118" sc="4" el="118" ec="45" />
                <SequencePoint vc="0" uspid="154" ordinal="24" offset="368" sl="119" sc="4" el="119" ec="60" />
                <SequencePoint vc="0" uspid="155" ordinal="25" offset="397" sl="120" sc="4" el="120" ec="61" />
                <SequencePoint vc="0" uspid="156" ordinal="26" offset="420" sl="122" sc="3" el="122" ec="4" />
              </SequencePoints>
              <BranchPoints />
              <MethodPoint xsi:type="SequencePoint" vc="0" uspid="130" ordinal="0" offset="0" sl="88" sc="3" el="88" ec="4" />
            </Method>
            <Method visited="false" cyclomaticComplexity="1" sequenceCoverage="0" branchCoverage="0" isConstructor="false" isStatic="false" isGetter="false" isSetter="false">
              <MetadataToken>100663313</MetadataToken>
              <Name>System.Void UnitTests.Test_02_StateMachine::Test_08_WrongNumber()</Name>
              <FileRef uid="2" />
              <SequencePoints>
                <SequencePoint vc="0" uspid="157" ordinal="0" offset="0" sl="127" sc="3" el="127" ec="4" />
                <SequencePoint vc="0" uspid="158" ordinal="1" offset="1" sl="128" sc="4" el="128" ec="36" />
                <SequencePoint vc="0" uspid="159" ordinal="2" offset="12" sl="129" sc="3" el="129" ec="4" />
              </SequencePoints>
              <BranchPoints />
              <MethodPoint xsi:type="SequencePoint" vc="0" uspid="157" ordinal="0" offset="0" sl="127" sc="3" el="127" ec="4" />
            </Method>
            <Method visited="false" cyclomaticComplexity="1" sequenceCoverage="0" branchCoverage="0" isConstructor="false" isStatic="false" isGetter="false" isSetter="false">
              <MetadataToken>100663314</MetadataToken>
              <Name>System.Void UnitTests.Test_02_StateMachine::Test_09_QueueCommands()</Name>
              <FileRef uid="2" />
              <SequencePoints>
                <SequencePoint vc="0" uspid="160" ordinal="0" offset="0" sl="133" sc="3" el="133" ec="4" />
                <SequencePoint vc="0" uspid="161" ordinal="1" offset="1" sl="134" sc="4" el="134" ec="32" />
                <SequencePoint vc="0" uspid="162" ordinal="2" offset="7" sl="135" sc="4" el="135" ec="23" />
                <SequencePoint vc="0" uspid="163" ordinal="3" offset="19" sl="136" sc="4" el="136" ec="30" />
                <SequencePoint vc="0" uspid="164" ordinal="4" offset="27" sl="137" sc="4" el="137" ec="67" />
                <SequencePoint vc="0" uspid="165" ordinal="5" offset="50" sl="138" sc="4" el="138" ec="34" />
                <SequencePoint vc="0" uspid="166" ordinal="6" offset="63" sl="139" sc="4" el="139" ec="52" />
                <SequencePoint vc="0" uspid="167" ordinal="7" offset="92" sl="141" sc="4" el="141" ec="26" />
                <SequencePoint vc="0" uspid="168" ordinal="8" offset="100" sl="142" sc="4" el="142" ec="34" />
                <SequencePoint vc="0" uspid="169" ordinal="9" offset="113" sl="143" sc="4" el="143" ec="53" />
                <SequencePoint vc="0" uspid="170" ordinal="10" offset="142" sl="144" sc="4" el="144" ec="42" />
                <SequencePoint vc="0" uspid="171" ordinal="11" offset="165" sl="145" sc="4" el="145" ec="60" />
                <SequencePoint vc="0" uspid="172" ordinal="12" offset="194" sl="146" sc="3" el="146" ec="4" />
              </SequencePoints>
              <BranchPoints />
              <MethodPoint xsi:type="SequencePoint" vc="0" uspid="160" ordinal="0" offset="0" sl="133" sc="3" el="133" ec="4" />
            </Method>
            <Method visited="false" cyclomaticComplexity="1" sequenceCoverage="0" branchCoverage="0" isConstructor="true" isStatic="false" isGetter="false" isSetter="false">
              <MetadataToken>100663315</MetadataToken>
              <Name>System.Void UnitTests.Test_02_StateMachine::.ctor()</Name>
              <SequencePoints />
              <BranchPoints />
              <MethodPoint vc="0" uspid="173" ordinal="0" offset="0" />
            </Method>
          </Methods>
        </Class>
      </Classes>
    </Module>
    <Module skippedDueTo="MissingPdb" hash="42-83-FE-A6-9F-01-8E-2C-E8-41-E9-25-3E-1E-0D-99-81-76-6B-C9">
      <FullName>C:\Users\Admin\AppData\Local\Temp\nunit20\ShadowCopyCache\5044_635810188554766464\Tests_318877650\assembly\dl3\39997e32\00d30741_25dace01\nunit.framework.dll</FullName>
      <ModuleName>nunit.framework</ModuleName>
      <Classes />
    </Module>
    <Module hash="F8-40-26-9F-1B-92-E0-3E-FB-D0-A7-61-EE-61-7D-62-00-15-AC-66">
      <FullName>C:\Users\Admin\AppData\Local\Temp\nunit20\ShadowCopyCache\5044_635810188554766464\Tests_318877650\assembly\dl3\1d475bb5\55555cec_ce0bd101\Lisp.dll</FullName>
      <ModuleName>Lisp</ModuleName>
      <Files>
        <File uid="5" fullPath="d:\dev\LispTest\Lisp\Exceptions.cs" />
        <File uid="10" fullPath="d:\dev\LispTest\Lisp\LispParser.cs" />
        <File uid="11" fullPath="d:\dev\LispTest\Lisp\LispTerm.cs" />
        <File uid="12" fullPath="d:\dev\LispTest\Lisp\LispTreeNode.cs" />
        <File uid="13" fullPath="d:\dev\LispTest\Lisp\StateMachine.cs" />
      </Files>
      <Classes>
        <Class>
          <FullName>&lt;Module&gt;</FullName>
          <Methods />
        </Class>
        <Class>
          <FullName>Lisp.BaseException</FullName>
          <Methods>
            <Method visited="false" cyclomaticComplexity="1" sequenceCoverage="0" branchCoverage="0" isConstructor="false" isStatic="false" isGetter="true" isSetter="false">
              <MetadataToken>100663298</MetadataToken>
              <Name>System.Int32 Lisp.BaseException::get_Line()</Name>
              <SequencePoints />
              <BranchPoints />
              <MethodPoint vc="0" uspid="174" ordinal="0" offset="0" />
            </Method>
            <Method visited="false" cyclomaticComplexity="1" sequenceCoverage="0" branchCoverage="0" isConstructor="false" isStatic="false" isGetter="false" isSetter="true">
              <MetadataToken>100663297</MetadataToken>
              <Name>System.Void Lisp.BaseException::set_Line(System.Int32)</Name>
              <SequencePoints />
              <BranchPoints />
              <MethodPoint vc="0" uspid="175" ordinal="0" offset="0" />
            </Method>
            <Method visited="false" cyclomaticComplexity="1" sequenceCoverage="0" branchCoverage="0" isConstructor="false" isStatic="false" isGetter="true" isSetter="false">
              <MetadataToken>100663300</MetadataToken>
              <Name>System.Int32 Lisp.BaseException::get_Col()</Name>
              <SequencePoints />
              <BranchPoints />
              <MethodPoint vc="0" uspid="176" ordinal="0" offset="0" />
            </Method>
            <Method visited="false" cyclomaticComplexity="1" sequenceCoverage="0" branchCoverage="0" isConstructor="false" isStatic="false" isGetter="false" isSetter="true">
              <MetadataToken>100663299</MetadataToken>
              <Name>System.Void Lisp.BaseException::set_Col(System.Int32)</Name>
              <SequencePoints />
              <BranchPoints />
              <MethodPoint vc="0" uspid="177" ordinal="0" offset="0" />
            </Method>
            <Method visited="false" cyclomaticComplexity="1" sequenceCoverage="0" branchCoverage="0" isConstructor="true" isStatic="false" isGetter="false" isSetter="false">
              <MetadataToken>100663301</MetadataToken>
              <Name>System.Void Lisp.BaseException::.ctor(System.Int32,System.Int32,System.String)</Name>
              <FileRef uid="5" />
              <SequencePoints>
                <SequencePoint vc="0" uspid="178" ordinal="0" offset="0" sl="21" sc="3" el="21" ec="70" />
                <SequencePoint vc="0" uspid="179" ordinal="1" offset="8" sl="22" sc="3" el="22" ec="4" />
                <SequencePoint vc="0" uspid="180" ordinal="2" offset="9" sl="23" sc="4" el="23" ec="17" />
                <SequencePoint vc="0" uspid="181" ordinal="3" offset="17" sl="24" sc="4" el="24" ec="15" />
                <SequencePoint vc="0" uspid="182" ordinal="4" offset="25" sl="25" sc="3" el="25" ec="4" />
              </SequencePoints>
              <BranchPoints />
              <MethodPoint xsi:type="SequencePoint" vc="0" uspid="178" ordinal="0" offset="0" sl="21" sc="3" el="21" ec="70" />
            </Method>
          </Methods>
        </Class>
        <Class>
          <FullName>Lisp.NoLPException</FullName>
          <Methods>
            <Method visited="false" cyclomaticComplexity="1" sequenceCoverage="0" branchCoverage="0" isConstructor="true" isStatic="false" isGetter="false" isSetter="false">
              <MetadataToken>100663302</MetadataToken>
              <Name>System.Void Lisp.NoLPException::.ctor(System.Int32,System.Int32)</Name>
              <FileRef uid="5" />
              <SequencePoints>
                <SequencePoint vc="0" uspid="183" ordinal="0" offset="0" sl="30" sc="3" el="31" ec="39" />
                <SequencePoint vc="0" uspid="184" ordinal="1" offset="14" sl="32" sc="3" el="32" ec="4" />
                <SequencePoint vc="0" uspid="185" ordinal="2" offset="15" sl="33" sc="3" el="33" ec="4" />
              </SequencePoints>
              <BranchPoints />
              <MethodPoint xsi:type="SequencePoint" vc="0" uspid="183" ordinal="0" offset="0" sl="30" sc="3" el="31" ec="39" />
            </Method>
          </Methods>
        </Class>
        <Class>
          <FullName>Lisp.NoIdentException</FullName>
          <Methods>
            <Method visited="false" cyclomaticComplexity="1" sequenceCoverage="0" branchCoverage="0" isConstructor="true" isStatic="false" isGetter="false" isSetter="false">
              <MetadataToken>100663303</MetadataToken>
              <Name>System.Void Lisp.NoIdentException::.ctor(System.Int32,System.Int32)</Name>
              <FileRef uid="5" />
              <SequencePoints>
                <SequencePoint vc="0" uspid="186" ordinal="0" offset="0" sl="38" sc="3" el="39" ec="49" />
                <SequencePoint vc="0" uspid="187" ordinal="1" offset="14" sl="40" sc="3" el="40" ec="4" />
                <SequencePoint vc="0" uspid="188" ordinal="2" offset="15" sl="41" sc="3" el="41" ec="4" />
              </SequencePoints>
              <BranchPoints />
              <MethodPoint xsi:type="SequencePoint" vc="0" uspid="186" ordinal="0" offset="0" sl="38" sc="3" el="39" ec="49" />
            </Method>
          </Methods>
        </Class>
        <Class>
          <FullName>Lisp.NumberIsWrong</FullName>
          <Methods>
            <Method visited="false" cyclomaticComplexity="1" sequenceCoverage="0" branchCoverage="0" isConstructor="true" isStatic="false" isGetter="false" isSetter="false">
              <MetadataToken>100663304</MetadataToken>
              <Name>System.Void Lisp.NumberIsWrong::.ctor(System.Int32,System.Int32)</Name>
              <FileRef uid="5" />
              <SequencePoints>
                <SequencePoint vc="0" uspid="189" ordinal="0" offset="0" sl="46" sc="3" el="47" ec="51" />
                <SequencePoint vc="0" uspid="190" ordinal="1" offset="14" sl="48" sc="3" el="48" ec="4" />
                <SequencePoint vc="0" uspid="191" ordinal="2" offset="15" sl="49" sc="3" el="49" ec="4" />
              </SequencePoints>
              <BranchPoints />
              <MethodPoint xsi:type="SequencePoint" vc="0" uspid="189" ordinal="0" offset="0" sl="46" sc="3" el="47" ec="51" />
            </Method>
          </Methods>
        </Class>
        <Class>
          <FullName>Lisp.NumberToBig</FullName>
          <Methods>
            <Method visited="false" cyclomaticComplexity="1" sequenceCoverage="0" branchCoverage="0" isConstructor="true" isStatic="false" isGetter="false" isSetter="false">
              <MetadataToken>100663305</MetadataToken>
              <Name>System.Void Lisp.NumberToBig::.ctor(System.Int32,System.Int32)</Name>
              <FileRef uid="5" />
              <SequencePoints>
                <SequencePoint vc="0" uspid="192" ordinal="0" offset="0" sl="54" sc="3" el="55" ec="61" />
                <SequencePoint vc="0" uspid="193" ordinal="1" offset="14" sl="56" sc="3" el="56" ec="4" />
                <SequencePoint vc="0" uspid="194" ordinal="2" offset="15" sl="57" sc="3" el="57" ec="4" />
              </SequencePoints>
              <BranchPoints />
              <MethodPoint xsi:type="SequencePoint" vc="0" uspid="192" ordinal="0" offset="0" sl="54" sc="3" el="55" ec="61" />
            </Method>
          </Methods>
        </Class>
        <Class>
          <FullName>Lisp.LispParser</FullName>
          <Methods>
            <Method visited="false" cyclomaticComplexity="7" sequenceCoverage="0" branchCoverage="0" isConstructor="false" isStatic="true" isGetter="false" isSetter="false">
              <MetadataToken>100663306</MetadataToken>
              <Name>System.Collections.Generic.List`1&lt;System.Tuple`2&lt;System.Int32,System.Char&gt;&gt; Lisp.LispParser::GetLevels(System.String)</Name>
              <FileRef uid="10" />
              <SequencePoints>
                <SequencePoint vc="0" uspid="195" ordinal="0" offset="0" sl="12" sc="3" el="12" ec="4" />
                <SequencePoint vc="0" uspid="196" ordinal="1" offset="1" sl="13" sc="4" el="13" ec="43" />
                <SequencePoint vc="0" uspid="197" ordinal="2" offset="7" sl="14" sc="4" el="14" ec="18" />
                <SequencePoint vc="0" uspid="198" ordinal="3" offset="9" sl="15" sc="4" el="15" ec="21" />
                <SequencePoint vc="0" uspid="199" ordinal="4" offset="11" sl="16" sc="4" el="16" ec="11" />
                <SequencePoint vc="0" uspid="200" ordinal="5" offset="12" sl="16" sc="22" el="16" ec="36" />
                <SequencePoint vc="0" uspid="201" ordinal="6" offset="29" sl="16" sc="12" el="16" ec="18" />
                <SequencePoint vc="0" uspid="202" ordinal="7" offset="39" sl="17" sc="4" el="17" ec="5" />
                <SequencePoint vc="0" uspid="203" ordinal="8" offset="40" sl="18" sc="5" el="18" ec="20" />
                <SequencePoint vc="0" uspid="204" ordinal="9" offset="54" sl="19" sc="5" el="19" ec="6" />
                <SequencePoint vc="0" uspid="205" ordinal="10" offset="55" sl="20" sc="6" el="20" ec="19" />
                <SequencePoint vc="0" uspid="206" ordinal="11" offset="60" sl="21" sc="5" el="21" ec="6" />
                <SequencePoint vc="0" uspid="207" ordinal="12" offset="61" sl="23" sc="5" el="23" ec="28" />
                <SequencePoint vc="0" uspid="208" ordinal="13" offset="80" sl="24" sc="5" el="24" ec="6" />
                <SequencePoint vc="0" uspid="209" ordinal="14" offset="81" sl="25" sc="6" el="25" ec="14" />
                <SequencePoint vc="0" uspid="210" ordinal="15" offset="85" sl="26" sc="6" el="26" ec="50" />
                <SequencePoint vc="0" uspid="211" ordinal="16" offset="99" sl="27" sc="6" el="27" ec="15" />
                <SequencePoint vc="0" uspid="212" ordinal="17" offset="101" sl="30" sc="5" el="30" ec="27" />
                <SequencePoint vc="0" uspid="213" ordinal="18" offset="120" sl="31" sc="5" el="31" ec="6" />
                <SequencePoint vc="0" uspid="214" ordinal="19" offset="121" sl="32" sc="6" el="32" ec="50" />
                <SequencePoint vc="0" uspid="215" ordinal="20" offset="135" sl="33" sc="6" el="33" ec="14" />
                <SequencePoint vc="0" uspid="216" ordinal="21" offset="139" sl="34" sc="6" el="34" ec="15" />
                <SequencePoint vc="0" uspid="217" ordinal="22" offset="141" sl="37" sc="5" el="37" ec="49" />
                <SequencePoint vc="0" uspid="218" ordinal="23" offset="155" sl="38" sc="4" el="38" ec="5" />
                <SequencePoint vc="0" uspid="219" ordinal="24" offset="162" sl="16" sc="19" el="16" ec="21" />
                <SequencePoint vc="0" uspid="220" ordinal="25" offset="182" sl="40" sc="4" el="40" ec="15" />
                <SequencePoint vc="0" uspid="221" ordinal="26" offset="187" sl="41" sc="3" el="41" ec="4" />
              </SequencePoints>
              <BranchPoints>
                <BranchPoint vc="0" uspid="222" ordinal="0" offset="52" path="0" />
                <BranchPoint vc="0" uspid="223" ordinal="1" offset="52" path="1" />
                <BranchPoint vc="0" uspid="224" ordinal="2" offset="64" path="0" />
                <BranchPoint vc="0" uspid="225" ordinal="3" offset="64" path="1" />
                <BranchPoint vc="0" uspid="226" ordinal="4" offset="78" path="0" />
                <BranchPoint vc="0" uspid="227" ordinal="5" offset="78" path="1" />
                <BranchPoint vc="0" uspid="228" ordinal="6" offset="104" path="0" />
                <BranchPoint vc="0" uspid="229" ordinal="7" offset="104" path="1" />
                <BranchPoint vc="0" uspid="230" ordinal="8" offset="118" path="0" />
                <BranchPoint vc="0" uspid="231" ordinal="9" offset="118" path="1" />
                <BranchPoint vc="0" uspid="232" ordinal="10" offset="177" path="0" />
                <BranchPoint vc="0" uspid="233" ordinal="11" offset="177" path="1" />
              </BranchPoints>
              <MethodPoint xsi:type="SequencePoint" vc="0" uspid="195" ordinal="0" offset="0" sl="12" sc="3" el="12" ec="4" />
            </Method>
            <Method visited="false" cyclomaticComplexity="1" sequenceCoverage="0" branchCoverage="0" isConstructor="false" isStatic="true" isGetter="false" isSetter="false">
              <MetadataToken>100663307</MetadataToken>
              <Name>System.Collections.Generic.List`1&lt;Lisp.LispTerm&gt; Lisp.LispParser::GetTerms(System.String)</Name>
              <FileRef uid="10" />
              <SequencePoints>
                <SequencePoint vc="0" uspid="234" ordinal="0" offset="0" sl="44" sc="3" el="44" ec="4" />
                <SequencePoint vc="0" uspid="235" ordinal="1" offset="1" sl="45" sc="4" el="45" ec="35" />
                <SequencePoint vc="0" uspid="236" ordinal="2" offset="7" sl="46" sc="4" el="46" ec="47" />
                <SequencePoint vc="0" uspid="237" ordinal="3" offset="14" sl="48" sc="4" el="48" ec="15" />
                <SequencePoint vc="0" uspid="238" ordinal="4" offset="18" sl="49" sc="3" el="49" ec="4" />
              </SequencePoints>
              <BranchPoints />
              <MethodPoint xsi:type="SequencePoint" vc="0" uspid="234" ordinal="0" offset="0" sl="44" sc="3" el="44" ec="4" />
            </Method>
            <Method visited="true" cyclomaticComplexity="4" sequenceCoverage="94" branchCoverage="83" isConstructor="false" isStatic="true" isGetter="false" isSetter="false">
              <MetadataToken>100663308</MetadataToken>
              <Name>Lisp.LispTreeNode Lisp.LispParser::GetTree(System.String)</Name>
              <FileRef uid="10" />
              <SequencePoints>
                <SequencePoint vc="1" uspid="239" ordinal="0" offset="0" sl="52" sc="3" el="52" ec="4" />
                <SequencePoint vc="1" uspid="240" ordinal="1" offset="1" sl="53" sc="4" el="53" ec="32" />
                <SequencePoint vc="1" uspid="241" ordinal="2" offset="7" sl="54" sc="4" el="54" ec="43" />
                <SequencePoint vc="1" uspid="242" ordinal="3" offset="13" sl="56" sc="4" el="56" ec="23" />
                <SequencePoint vc="1" uspid="243" ordinal="4" offset="21" sl="57" sc="4" el="57" ec="39" />
                <SequencePoint vc="2" uspid="244" ordinal="5" offset="25" sl="59" sc="4" el="59" ec="5" />
                <SequencePoint vc="2" uspid="245" ordinal="6" offset="26" sl="60" sc="5" el="60" ec="30" />
                <SequencePoint vc="2" uspid="246" ordinal="7" offset="33" sl="61" sc="5" el="61" ec="26" />
                <SequencePoint vc="0" uspid="247" ordinal="8" offset="48" sl="62" sc="6" el="62" ec="39" />
                <SequencePoint vc="2" uspid="248" ordinal="9" offset="59" sl="63" sc="5" el="63" ec="54" />
                <SequencePoint vc="1" uspid="249" ordinal="10" offset="83" sl="64" sc="5" el="64" ec="6" />
                <SequencePoint vc="1" uspid="250" ordinal="11" offset="84" sl="65" sc="6" el="65" ec="48" />
                <SequencePoint vc="1" uspid="251" ordinal="12" offset="103" sl="66" sc="5" el="66" ec="6" />
                <SequencePoint vc="2" uspid="252" ordinal="13" offset="104" sl="67" sc="5" el="67" ec="24" />
                <SequencePoint vc="2" uspid="253" ordinal="14" offset="117" sl="68" sc="4" el="68" ec="5" />
                <SequencePoint vc="3" uspid="254" ordinal="15" offset="118" sl="58" sc="4" el="58" ec="35" />
                <SequencePoint vc="1" uspid="255" ordinal="16" offset="131" sl="69" sc="4" el="69" ec="16" />
                <SequencePoint vc="1" uspid="256" ordinal="17" offset="136" sl="70" sc="3" el="70" ec="4" />
              </SequencePoints>
              <BranchPoints>
                <BranchPoint vc="0" uspid="257" ordinal="0" offset="46" path="0" />
                <BranchPoint vc="2" uspid="258" ordinal="1" offset="46" path="1" />
                <BranchPoint vc="1" uspid="259" ordinal="2" offset="81" path="0" />
                <BranchPoint vc="1" uspid="260" ordinal="3" offset="81" path="1" />
                <BranchPoint vc="1" uspid="261" ordinal="4" offset="129" path="0" />
                <BranchPoint vc="2" uspid="262" ordinal="5" offset="129" path="1" />
              </BranchPoints>
              <MethodPoint xsi:type="SequencePoint" vc="1" uspid="239" ordinal="0" offset="0" sl="52" sc="3" el="52" ec="4" />
            </Method>
            <Method visited="false" cyclomaticComplexity="14" sequenceCoverage="0" branchCoverage="0" isConstructor="false" isStatic="true" isGetter="false" isSetter="false">
              <MetadataToken>100663309</MetadataToken>
              <Name>System.String Lisp.LispParser::Strip(System.String,System.Boolean)</Name>
              <FileRef uid="10" />
              <SequencePoints>
                <SequencePoint vc="0" uspid="263" ordinal="0" offset="0" sl="78" sc="3" el="78" ec="4" />
                <SequencePoint vc="0" uspid="264" ordinal="1" offset="1" sl="79" sc="4" el="79" ec="33" />
                <SequencePoint vc="0" uspid="265" ordinal="2" offset="7" sl="80" sc="4" el="80" ec="58" />
                <SequencePoint vc="0" uspid="266" ordinal="3" offset="39" sl="82" sc="4" el="82" ec="45" />
                <SequencePoint vc="0" uspid="267" ordinal="4" offset="60" sl="83" sc="4" el="83" ec="27" />
                <SequencePoint vc="0" uspid="268" ordinal="5" offset="68" sl="84" sc="4" el="84" ec="11" />
                <SequencePoint vc="0" uspid="269" ordinal="6" offset="69" sl="84" sc="22" el="84" ec="29" />
                <SequencePoint vc="0" uspid="270" ordinal="7" offset="80" sl="84" sc="12" el="84" ec="18" />
                <SequencePoint vc="0" uspid="271" ordinal="8" offset="91" sl="85" sc="4" el="85" ec="5" />
                <SequencePoint vc="0" uspid="272" ordinal="9" offset="92" sl="86" sc="5" el="86" ec="22" />
                <SequencePoint vc="0" uspid="273" ordinal="10" offset="109" sl="87" sc="5" el="87" ec="6" />
                <SequencePoint vc="0" uspid="274" ordinal="11" offset="110" sl="88" sc="6" el="88" ec="17" />
                <SequencePoint vc="0" uspid="275" ordinal="12" offset="114" sl="89" sc="6" el="89" ec="23" />
                <SequencePoint vc="0" uspid="276" ordinal="13" offset="127" sl="90" sc="6" el="90" ec="7" />
                <SequencePoint vc="0" uspid="277" ordinal="14" offset="128" sl="91" sc="7" el="91" ec="34" />
                <SequencePoint vc="0" uspid="278" ordinal="15" offset="146" sl="92" sc="8" el="92" ec="22" />
                <SequencePoint vc="0" uspid="279" ordinal="16" offset="155" sl="93" sc="7" el="93" ec="35" />
                <SequencePoint vc="0" uspid="280" ordinal="17" offset="173" sl="94" sc="8" el="94" ec="22" />
                <SequencePoint vc="0" uspid="281" ordinal="18" offset="182" sl="95" sc="6" el="95" ec="7" />
                <SequencePoint vc="0" uspid="282" ordinal="19" offset="183" sl="96" sc="5" el="96" ec="6" />
                <SequencePoint vc="0" uspid="283" ordinal="20" offset="186" sl="98" sc="5" el="98" ec="6" />
                <SequencePoint vc="0" uspid="284" ordinal="21" offset="187" sl="99" sc="6" el="99" ec="20" />
                <SequencePoint vc="0" uspid="285" ordinal="22" offset="196" sl="100" sc="6" el="100" ec="19" />
                <SequencePoint vc="0" uspid="286" ordinal="23" offset="198" sl="101" sc="5" el="101" ec="6" />
                <SequencePoint vc="0" uspid="287" ordinal="24" offset="199" sl="102" sc="5" el="102" ec="15" />
                <SequencePoint vc="0" uspid="288" ordinal="25" offset="202" sl="103" sc="4" el="103" ec="5" />
                <SequencePoint vc="0" uspid="289" ordinal="26" offset="209" sl="84" sc="19" el="84" ec="21" />
                <SequencePoint vc="0" uspid="290" ordinal="27" offset="229" sl="106" sc="4" el="106" ec="38" />
                <SequencePoint vc="0" uspid="291" ordinal="28" offset="242" sl="107" sc="4" el="107" ec="15" />
                <SequencePoint vc="0" uspid="292" ordinal="29" offset="249" sl="108" sc="4" el="108" ec="11" />
                <SequencePoint vc="0" uspid="293" ordinal="30" offset="250" sl="108" sc="22" el="108" ec="25" />
                <SequencePoint vc="0" uspid="294" ordinal="31" offset="261" sl="108" sc="12" el="108" ec="18" />
                <SequencePoint vc="0" uspid="295" ordinal="32" offset="270" sl="109" sc="4" el="109" ec="5" />
                <SequencePoint vc="0" uspid="296" ordinal="33" offset="271" sl="110" sc="5" el="110" ec="19" />
                <SequencePoint vc="0" uspid="297" ordinal="34" offset="280" sl="111" sc="4" el="111" ec="5" />
                <SequencePoint vc="0" uspid="298" ordinal="35" offset="281" sl="108" sc="19" el="108" ec="21" />
                <SequencePoint vc="0" uspid="299" ordinal="36" offset="317" sl="113" sc="4" el="113" ec="16" />
                <SequencePoint vc="0" uspid="300" ordinal="37" offset="327" sl="114" sc="4" el="114" ec="5" />
                <SequencePoint vc="0" uspid="301" ordinal="38" offset="328" sl="115" sc="5" el="115" ec="40" />
                <SequencePoint vc="0" uspid="302" ordinal="39" offset="344" sl="117" sc="4" el="117" ec="25" />
                <SequencePoint vc="0" uspid="303" ordinal="40" offset="354" sl="118" sc="3" el="118" ec="4" />
              </SequencePoints>
              <BranchPoints>
                <BranchPoint vc="0" uspid="304" ordinal="0" offset="12" path="0" />
                <BranchPoint vc="0" uspid="305" ordinal="1" offset="12" path="1" />
                <BranchPoint vc="0" uspid="306" ordinal="2" offset="52" path="0" />
                <BranchPoint vc="0" uspid="307" ordinal="3" offset="52" path="1" />
                <BranchPoint vc="0" uspid="308" ordinal="4" offset="107" path="0" />
                <BranchPoint vc="0" uspid="309" ordinal="5" offset="107" path="1" />
                <BranchPoint vc="0" uspid="310" ordinal="6" offset="125" path="0" />
                <BranchPoint vc="0" uspid="311" ordinal="7" offset="125" path="1" />
                <BranchPoint vc="0" uspid="312" ordinal="8" offset="129" path="0" />
                <BranchPoint vc="0" uspid="313" ordinal="9" offset="129" path="1" />
                <BranchPoint vc="0" uspid="314" ordinal="10" offset="144" path="0" />
                <BranchPoint vc="0" uspid="315" ordinal="11" offset="144" path="1" />
                <BranchPoint vc="0" uspid="316" ordinal="12" offset="156" path="0" />
                <BranchPoint vc="0" uspid="317" ordinal="13" offset="156" path="1" />
                <BranchPoint vc="0" uspid="318" ordinal="14" offset="171" path="0" />
                <BranchPoint vc="0" uspid="319" ordinal="15" offset="171" path="1" />
                <BranchPoint vc="0" uspid="320" ordinal="16" offset="224" path="0" />
                <BranchPoint vc="0" uspid="321" ordinal="17" offset="224" path="1" />
                <BranchPoint vc="0" uspid="322" ordinal="18" offset="292" path="0" />
                <BranchPoint vc="0" uspid="323" ordinal="19" offset="292" path="1" />
                <BranchPoint vc="0" uspid="324" ordinal="20" offset="305" path="0" />
                <BranchPoint vc="0" uspid="325" ordinal="21" offset="305" path="1" />
                <BranchPoint vc="0" uspid="326" ordinal="22" offset="325" path="0" />
                <BranchPoint vc="0" uspid="327" ordinal="23" offset="325" path="1" />
              </BranchPoints>
              <MethodPoint xsi:type="SequencePoint" vc="0" uspid="263" ordinal="0" offset="0" sl="78" sc="3" el="78" ec="4" />
            </Method>
            <Method visited="false" cyclomaticComplexity="2" sequenceCoverage="0" branchCoverage="0" isConstructor="false" isStatic="true" isGetter="false" isSetter="false">
              <MetadataToken>100663310</MetadataToken>
              <Name>System.Boolean Lisp.LispParser::&lt;Strip&gt;b__0(System.Char)</Name>
              <FileRef uid="10" />
              <SequencePoints>
                <SequencePoint vc="0" uspid="328" ordinal="0" offset="0" sl="80" sc="36" el="80" ec="57" />
              </SequencePoints>
              <BranchPoints>
                <BranchPoint vc="0" uspid="329" ordinal="0" offset="3" path="0" />
                <BranchPoint vc="0" uspid="330" ordinal="1" offset="3" path="1" />
              </BranchPoints>
              <MethodPoint xsi:type="SequencePoint" vc="0" uspid="328" ordinal="0" offset="0" sl="80" sc="36" el="80" ec="57" />
            </Method>
          </Methods>
        </Class>
        <Class>
          <FullName>Lisp.LispTerm</FullName>
          <Methods>
            <Method visited="false" cyclomaticComplexity="1" sequenceCoverage="0" branchCoverage="0" isConstructor="false" isStatic="false" isGetter="true" isSetter="false">
              <MetadataToken>100663313</MetadataToken>
              <Name>Lisp.TermType Lisp.LispTerm::get_Type()</Name>
              <SequencePoints />
              <BranchPoints />
              <MethodPoint vc="0" uspid="331" ordinal="0" offset="0" />
            </Method>
            <Method visited="false" cyclomaticComplexity="1" sequenceCoverage="0" branchCoverage="0" isConstructor="false" isStatic="false" isGetter="false" isSetter="true">
              <MetadataToken>100663312</MetadataToken>
              <Name>System.Void Lisp.LispTerm::set_Type(Lisp.TermType)</Name>
              <SequencePoints />
              <BranchPoints />
              <MethodPoint vc="0" uspid="332" ordinal="0" offset="0" />
            </Method>
            <Method visited="false" cyclomaticComplexity="1" sequenceCoverage="0" branchCoverage="0" isConstructor="false" isStatic="false" isGetter="true" isSetter="false">
              <MetadataToken>100663315</MetadataToken>
              <Name>System.String Lisp.LispTerm::get_Source()</Name>
              <SequencePoints />
              <BranchPoints />
              <MethodPoint vc="0" uspid="333" ordinal="0" offset="0" />
            </Method>
            <Method visited="false" cyclomaticComplexity="1" sequenceCoverage="0" branchCoverage="0" isConstructor="false" isStatic="false" isGetter="false" isSetter="true">
              <MetadataToken>100663314</MetadataToken>
              <Name>System.Void Lisp.LispTerm::set_Source(System.String)</Name>
              <SequencePoints />
              <BranchPoints />
              <MethodPoint vc="0" uspid="334" ordinal="0" offset="0" />
            </Method>
            <Method visited="false" cyclomaticComplexity="1" sequenceCoverage="0" branchCoverage="0" isConstructor="false" isStatic="false" isGetter="true" isSetter="false">
              <MetadataToken>100663317</MetadataToken>
              <Name>System.Object Lisp.LispTerm::get_Value()</Name>
              <SequencePoints />
              <BranchPoints />
              <MethodPoint vc="0" uspid="335" ordinal="0" offset="0" />
            </Method>
            <Method visited="false" cyclomaticComplexity="1" sequenceCoverage="0" branchCoverage="0" isConstructor="false" isStatic="false" isGetter="false" isSetter="true">
              <MetadataToken>100663316</MetadataToken>
              <Name>System.Void Lisp.LispTerm::set_Value(System.Object)</Name>
              <SequencePoints />
              <BranchPoints />
              <MethodPoint vc="0" uspid="336" ordinal="0" offset="0" />
            </Method>
            <Method visited="false" cyclomaticComplexity="1" sequenceCoverage="0" branchCoverage="0" isConstructor="true" isStatic="false" isGetter="false" isSetter="false">
              <MetadataToken>100663311</MetadataToken>
              <Name>System.Void Lisp.LispTerm::.ctor(Lisp.TermType,System.String)</Name>
              <FileRef uid="11" />
              <SequencePoints>
                <SequencePoint vc="0" uspid="337" ordinal="0" offset="0" sl="15" sc="3" el="15" ec="50" />
                <SequencePoint vc="0" uspid="338" ordinal="1" offset="7" sl="16" sc="3" el="16" ec="4" />
                <SequencePoint vc="0" uspid="339" ordinal="2" offset="8" sl="17" sc="4" el="17" ec="17" />
                <SequencePoint vc="0" uspid="340" ordinal="3" offset="16" sl="18" sc="4" el="18" ec="21" />
                <SequencePoint vc="0" uspid="341" ordinal="4" offset="24" sl="19" sc="3" el="19" ec="4" />
              </SequencePoints>
              <BranchPoints />
              <MethodPoint xsi:type="SequencePoint" vc="0" uspid="337" ordinal="0" offset="0" sl="15" sc="3" el="15" ec="50" />
            </Method>
          </Methods>
        </Class>
        <Class>
          <FullName>Lisp.LispTreeNode</FullName>
          <Methods>
            <Method visited="true" cyclomaticComplexity="1" sequenceCoverage="0" branchCoverage="0" isConstructor="false" isStatic="false" isGetter="true" isSetter="false">
              <MetadataToken>100663322</MetadataToken>
              <Name>System.Collections.Generic.List`1&lt;Lisp.LispTreeNode&gt; Lisp.LispTreeNode::get_Childs()</Name>
              <SequencePoints />
              <BranchPoints />
              <MethodPoint vc="9" uspid="342" ordinal="0" offset="0" />
            </Method>
            <Method visited="true" cyclomaticComplexity="1" sequenceCoverage="0" branchCoverage="0" isConstructor="false" isStatic="false" isGetter="false" isSetter="true">
              <MetadataToken>100663321</MetadataToken>
              <Name>System.Void Lisp.LispTreeNode::set_Childs(System.Collections.Generic.List`1&lt;Lisp.LispTreeNode&gt;)</Name>
              <SequencePoints />
              <BranchPoints />
              <MethodPoint vc="2" uspid="343" ordinal="0" offset="0" />
            </Method>
            <Method visited="true" cyclomaticComplexity="1" sequenceCoverage="0" branchCoverage="0" isConstructor="false" isStatic="false" isGetter="true" isSetter="false">
              <MetadataToken>100663324</MetadataToken>
              <Name>System.String Lisp.LispTreeNode::get_Source()</Name>
              <SequencePoints />
              <BranchPoints />
              <MethodPoint vc="1" uspid="344" ordinal="0" offset="0" />
            </Method>
            <Method visited="true" cyclomaticComplexity="1" sequenceCoverage="0" branchCoverage="0" isConstructor="false" isStatic="false" isGetter="false" isSetter="true">
              <MetadataToken>100663323</MetadataToken>
              <Name>System.Void Lisp.LispTreeNode::set_Source(System.String)</Name>
              <SequencePoints />
              <BranchPoints />
              <MethodPoint vc="2" uspid="345" ordinal="0" offset="0" />
            </Method>
            <Method visited="true" cyclomaticComplexity="1" sequenceCoverage="100" branchCoverage="100" isConstructor="false" isStatic="false" isGetter="true" isSetter="false">
              <MetadataToken>100663325</MetadataToken>
              <Name>System.Int32 Lisp.LispTreeNode::get_Count()</Name>
              <FileRef uid="12" />
              <SequencePoints>
                <SequencePoint vc="2" uspid="346" ordinal="0" offset="0" sl="114" sc="7" el="114" ec="8" />
                <SequencePoint vc="2" uspid="347" ordinal="1" offset="1" sl="115" sc="5" el="115" ec="25" />
                <SequencePoint vc="1" uspid="348" ordinal="2" offset="15" sl="116" sc="4" el="116" ec="5" />
              </SequencePoints>
              <BranchPoints />
              <MethodPoint xsi:type="SequencePoint" vc="2" uspid="346" ordinal="0" offset="0" sl="114" sc="7" el="114" ec="8" />
            </Method>
            <Method visited="true" cyclomaticComplexity="1" sequenceCoverage="100" branchCoverage="100" isConstructor="true" isStatic="false" isGetter="false" isSetter="false">
              <MetadataToken>100663318</MetadataToken>
              <Name>System.Void Lisp.LispTreeNode::.ctor()</Name>
              <FileRef uid="12" />
              <SequencePoints>
                <SequencePoint vc="1" uspid="349" ordinal="0" offset="0" sl="14" sc="3" el="14" ec="24" />
                <SequencePoint vc="1" uspid="350" ordinal="1" offset="7" sl="15" sc="3" el="15" ec="4" />
                <SequencePoint vc="1" uspid="351" ordinal="2" offset="8" sl="16" sc="4" el="16" ec="38" />
                <SequencePoint vc="1" uspid="352" ordinal="3" offset="20" sl="17" sc="3" el="17" ec="4" />
              </SequencePoints>
              <BranchPoints />
              <MethodPoint xsi:type="SequencePoint" vc="1" uspid="349" ordinal="0" offset="0" sl="14" sc="3" el="14" ec="24" />
            </Method>
            <Method visited="true" cyclomaticComplexity="1" sequenceCoverage="100" branchCoverage="100" isConstructor="true" isStatic="false" isGetter="false" isSetter="false">
              <MetadataToken>100663319</MetadataToken>
              <Name>System.Void Lisp.LispTreeNode::.ctor(System.String)</Name>
              <FileRef uid="12" />
              <SequencePoints>
                <SequencePoint vc="2" uspid="353" ordinal="0" offset="0" sl="19" sc="3" el="19" ec="33" />
                <SequencePoint vc="2" uspid="354" ordinal="1" offset="7" sl="20" sc="3" el="20" ec="4" />
                <SequencePoint vc="2" uspid="355" ordinal="2" offset="8" sl="21" sc="4" el="21" ec="16" />
                <SequencePoint vc="2" uspid="356" ordinal="3" offset="16" sl="22" sc="3" el="22" ec="4" />
              </SequencePoints>
              <BranchPoints />
              <MethodPoint xsi:type="SequencePoint" vc="2" uspid="353" ordinal="0" offset="0" sl="19" sc="3" el="19" ec="33" />
            </Method>
            <Method visited="true" cyclomaticComplexity="9" sequenceCoverage="86" branchCoverage="54" isConstructor="true" isStatic="false" isGetter="false" isSetter="false">
              <MetadataToken>100663320</MetadataToken>
              <Name>System.Void Lisp.LispTreeNode::.ctor(Lisp.StateMachine&amp;)</Name>
              <FileRef uid="12" />
              <SequencePoints>
                <SequencePoint vc="1" uspid="357" ordinal="0" offset="0" sl="24" sc="3" el="24" ec="43" />
                <SequencePoint vc="1" uspid="358" ordinal="1" offset="7" sl="25" sc="3" el="25" ec="4" />
                <SequencePoint vc="1" uspid="359" ordinal="2" offset="8" sl="26" sc="4" el="26" ec="38" />
                <SequencePoint vc="1" uspid="360" ordinal="3" offset="20" sl="27" sc="4" el="27" ec="45" />
                <SequencePoint vc="1" uspid="361" ordinal="4" offset="26" sl="29" sc="4" el="31" ec="6" />
                <SequencePoint vc="5" uspid="362" ordinal="5" offset="50" sl="33" sc="4" el="33" ec="5" />
                <SequencePoint vc="5" uspid="363" ordinal="6" offset="51" sl="34" sc="5" el="34" ec="12" />
                <SequencePoint vc="5" uspid="364" ordinal="7" offset="52" sl="34" sc="22" el="34" ec="26" />
                <SequencePoint vc="3" uspid="365" ordinal="8" offset="62" sl="34" sc="13" el="34" ec="18" />
                <SequencePoint vc="3" uspid="366" ordinal="9" offset="70" sl="35" sc="5" el="35" ec="6" />
                <SequencePoint vc="3" uspid="367" ordinal="10" offset="71" sl="36" sc="6" el="36" ec="14" />
                <SequencePoint vc="3" uspid="368" ordinal="11" offset="73" sl="37" sc="6" el="37" ec="22" />
                <SequencePoint vc="0" uspid="369" ordinal="12" offset="114" sl="41" sc="8" el="41" ec="64" />
                <SequencePoint vc="0" uspid="370" ordinal="13" offset="125" sl="43" sc="8" el="43" ec="14" />
                <SequencePoint vc="1" uspid="371" ordinal="14" offset="127" sl="45" sc="8" el="45" ec="27" />
                <SequencePoint vc="1" uspid="372" ordinal="15" offset="134" sl="46" sc="8" el="46" ec="42" />
                <SequencePoint vc="1" uspid="373" ordinal="16" offset="152" sl="47" sc="8" el="47" ec="14" />
                <SequencePoint vc="1" uspid="374" ordinal="17" offset="154" sl="49" sc="8" el="49" ec="27" />
                <SequencePoint vc="1" uspid="375" ordinal="18" offset="161" sl="50" sc="8" el="50" ec="42" />
                <SequencePoint vc="1" uspid="376" ordinal="19" offset="179" sl="51" sc="8" el="51" ec="14" />
                <SequencePoint vc="0" uspid="377" ordinal="20" offset="181" sl="53" sc="8" el="53" ec="14" />
                <SequencePoint vc="1" uspid="378" ordinal="21" offset="183" sl="58" sc="8" el="58" ec="15" />
                <SequencePoint vc="2" uspid="379" ordinal="22" offset="185" sl="60" sc="5" el="60" ec="6" />
                <SequencePoint vc="7" uspid="380" ordinal="23" offset="186" sl="34" sc="19" el="34" ec="21" />
                <SequencePoint vc="4" uspid="381" ordinal="24" offset="220" sl="61" sc="5" el="61" ec="26" />
                <SequencePoint vc="4" uspid="382" ordinal="25" offset="228" sl="62" sc="4" el="62" ec="5" />
                <SequencePoint vc="5" uspid="383" ordinal="26" offset="229" sl="32" sc="4" el="32" ec="50" />
                <SequencePoint vc="0" uspid="384" ordinal="27" offset="250" sl="63" sc="4" el="63" ec="11" />
                <SequencePoint vc="1" uspid="385" ordinal="28" offset="253" sl="107" sc="3" el="107" ec="4" />
              </SequencePoints>
              <BranchPoints>
                <BranchPoint vc="0" uspid="386" ordinal="0" offset="83" path="0" />
                <BranchPoint vc="0" uspid="387" ordinal="1" offset="83" path="1" />
                <BranchPoint vc="0" uspid="388" ordinal="2" offset="83" path="2" />
                <BranchPoint vc="1" uspid="389" ordinal="3" offset="83" path="3" />
                <BranchPoint vc="1" uspid="390" ordinal="4" offset="83" path="4" />
                <BranchPoint vc="0" uspid="391" ordinal="5" offset="83" path="5" />
                <BranchPoint vc="1" uspid="392" ordinal="6" offset="83" path="6" />
                <BranchPoint vc="4" uspid="393" ordinal="7" offset="197" path="0" />
                <BranchPoint vc="3" uspid="394" ordinal="8" offset="197" path="1" />
                <BranchPoint vc="0" uspid="395" ordinal="9" offset="245" path="0" />
                <BranchPoint vc="5" uspid="396" ordinal="10" offset="245" path="1" />
              </BranchPoints>
              <MethodPoint xsi:type="SequencePoint" vc="1" uspid="357" ordinal="0" offset="0" sl="24" sc="3" el="24" ec="43" />
            </Method>
          </Methods>
        </Class>
        <Class>
          <FullName>Lisp.Command</FullName>
          <Methods>
            <Method visited="true" cyclomaticComplexity="1" sequenceCoverage="0" branchCoverage="0" isConstructor="false" isStatic="false" isGetter="true" isSetter="false">
              <MetadataToken>100663327</MetadataToken>
              <Name>Lisp.CommandType Lisp.Command::get_Type()</Name>
              <SequencePoints />
              <BranchPoints />
              <MethodPoint vc="12" uspid="397" ordinal="0" offset="0" />
            </Method>
            <Method visited="true" cyclomaticComplexity="1" sequenceCoverage="0" branchCoverage="0" isConstructor="false" isStatic="false" isGetter="false" isSetter="true">
              <MetadataToken>100663326</MetadataToken>
              <Name>System.Void Lisp.Command::set_Type(Lisp.CommandType)</Name>
              <SequencePoints />
              <BranchPoints />
              <MethodPoint vc="6" uspid="398" ordinal="0" offset="0" />
            </Method>
            <Method visited="true" cyclomaticComplexity="1" sequenceCoverage="0" branchCoverage="0" isConstructor="false" isStatic="false" isGetter="true" isSetter="false">
              <MetadataToken>100663329</MetadataToken>
              <Name>System.String Lisp.Command::get_Argument()</Name>
              <SequencePoints />
              <BranchPoints />
              <MethodPoint vc="2" uspid="399" ordinal="0" offset="0" />
            </Method>
            <Method visited="true" cyclomaticComplexity="1" sequenceCoverage="0" branchCoverage="0" isConstructor="false" isStatic="false" isGetter="false" isSetter="true">
              <MetadataToken>100663328</MetadataToken>
              <Name>System.Void Lisp.Command::set_Argument(System.String)</Name>
              <SequencePoints />
              <BranchPoints />
              <MethodPoint vc="2" uspid="400" ordinal="0" offset="0" />
            </Method>
            <Method visited="false" cyclomaticComplexity="1" sequenceCoverage="0" branchCoverage="0" isConstructor="false" isStatic="false" isGetter="false" isSetter="false">
              <MetadataToken>100663330</MetadataToken>
              <Name>System.String Lisp.Command::ToString()</Name>
              <FileRef uid="13" />
              <SequencePoints>
                <SequencePoint vc="0" uspid="401" ordinal="0" offset="0" sl="40" sc="3" el="40" ec="4" />
                <SequencePoint vc="0" uspid="402" ordinal="1" offset="1" sl="41" sc="4" el="41" ec="56" />
                <SequencePoint vc="0" uspid="403" ordinal="2" offset="31" sl="42" sc="3" el="42" ec="4" />
              </SequencePoints>
              <BranchPoints />
              <MethodPoint xsi:type="SequencePoint" vc="0" uspid="401" ordinal="0" offset="0" sl="40" sc="3" el="40" ec="4" />
            </Method>
            <Method visited="true" cyclomaticComplexity="1" sequenceCoverage="0" branchCoverage="0" isConstructor="true" isStatic="false" isGetter="false" isSetter="false">
              <MetadataToken>100663331</MetadataToken>
              <Name>System.Void Lisp.Command::.ctor()</Name>
              <SequencePoints />
              <BranchPoints />
              <MethodPoint vc="6" uspid="404" ordinal="0" offset="0" />
            </Method>
          </Methods>
        </Class>
        <Class>
          <FullName>Lisp.StateMachine</FullName>
          <Methods>
            <Method visited="true" cyclomaticComplexity="1" sequenceCoverage="0" branchCoverage="0" isConstructor="false" isStatic="false" isGetter="true" isSetter="false">
              <MetadataToken>100663334</MetadataToken>
              <Name>Lisp.StateMachine/StateType Lisp.StateMachine::get_State()</Name>
              <SequencePoints />
              <BranchPoints />
              <MethodPoint vc="4" uspid="405" ordinal="0" offset="0" />
            </Method>
            <Method visited="true" cyclomaticComplexity="1" sequenceCoverage="0" branchCoverage="0" isConstructor="false" isStatic="false" isGetter="false" isSetter="true">
              <MetadataToken>100663333</MetadataToken>
              <Name>System.Void Lisp.StateMachine::set_State(Lisp.StateMachine/StateType)</Name>
              <SequencePoints />
              <BranchPoints />
              <MethodPoint vc="6" uspid="406" ordinal="0" offset="0" />
            </Method>
            <Method visited="false" cyclomaticComplexity="1" sequenceCoverage="0" branchCoverage="0" isConstructor="false" isStatic="false" isGetter="true" isSetter="false">
              <MetadataToken>100663336</MetadataToken>
              <Name>System.Int32 Lisp.StateMachine::get_Line()</Name>
              <SequencePoints />
              <BranchPoints />
              <MethodPoint vc="0" uspid="407" ordinal="0" offset="0" />
            </Method>
            <Method visited="true" cyclomaticComplexity="1" sequenceCoverage="0" branchCoverage="0" isConstructor="false" isStatic="false" isGetter="false" isSetter="true">
              <MetadataToken>100663335</MetadataToken>
              <Name>System.Void Lisp.StateMachine::set_Line(System.Int32)</Name>
              <SequencePoints />
              <BranchPoints />
              <MethodPoint vc="1" uspid="408" ordinal="0" offset="0" />
            </Method>
            <Method visited="true" cyclomaticComplexity="1" sequenceCoverage="0" branchCoverage="0" isConstructor="false" isStatic="false" isGetter="true" isSetter="false">
              <MetadataToken>100663338</MetadataToken>
              <Name>System.Int32 Lisp.StateMachine::get_Col()</Name>
              <SequencePoints />
              <BranchPoints />
              <MethodPoint vc="5" uspid="409" ordinal="0" offset="0" />
            </Method>
            <Method visited="true" cyclomaticComplexity="1" sequenceCoverage="0" branchCoverage="0" isConstructor="false" isStatic="false" isGetter="false" isSetter="true">
[...]
              <MetadataToken>100663344</MetadataToken>
              <Name>System.Collections.Generic.List`1&lt;Lisp.Command&gt; Lisp.StateMachine::NextChars(System.Int32)</Name>
              <FileRef uid="13" />
              <SequencePoints>
                <SequencePoint vc="0" uspid="460" ordinal="0" offset="0" sl="151" sc="3" el="151" ec="4" />
                <SequencePoint vc="0" uspid="461" ordinal="1" offset="1" sl="152" sc="4" el="152" ec="34" />
                <SequencePoint vc="0" uspid="462" ordinal="2" offset="7" sl="153" sc="8" el="153" ec="16" />
                <SequencePoint vc="0" uspid="463" ordinal="3" offset="11" sl="154" sc="4" el="154" ec="5" />
                <SequencePoint vc="0" uspid="464" ordinal="4" offset="12" sl="155" sc="5" el="155" ec="30" />
                <SequencePoint vc="0" uspid="465" ordinal="5" offset="25" sl="156" sc="4" el="156" ec="5" />
                <SequencePoint vc="0" uspid="466" ordinal="6" offset="26" sl="153" sc="22" el="153" ec="25" />
                <SequencePoint vc="0" uspid="467" ordinal="7" offset="30" sl="153" sc="17" el="153" ec="20" />
                <SequencePoint vc="0" uspid="468" ordinal="8" offset="38" sl="158" sc="4" el="158" ec="15" />
                <SequencePoint vc="0" uspid="469" ordinal="9" offset="42" sl="159" sc="3" el="159" ec="4" />
              </SequencePoints>
              <BranchPoints>
                <BranchPoint vc="0" uspid="470" ordinal="0" offset="36" path="0" />
                <BranchPoint vc="0" uspid="471" ordinal="1" offset="36" path="1" />
              </BranchPoints>
              <MethodPoint xsi:type="SequencePoint" vc="0" uspid="460" ordinal="0" offset="0" sl="151" sc="3" el="151" ec="4" />
            </Method>
            <Method visited="false" cyclomaticComplexity="2" sequenceCoverage="0" branchCoverage="0" isConstructor="false" isStatic="false" isGetter="false" isSetter="false">
              <MetadataToken>100663345</MetadataToken>
              <Name>System.Collections.Generic.List`1&lt;Lisp.Command&gt; Lisp.StateMachine::NextChars(System.String)</Name>
              <FileRef uid="13" />
              <SequencePoints>
                <SequencePoint vc="0" uspid="472" ordinal="0" offset="0" sl="162" sc="3" el="162" ec="4" />
                <SequencePoint vc="0" uspid="473" ordinal="1" offset="1" sl="163" sc="4" el="163" ec="34" />
                <SequencePoint vc="0" uspid="474" ordinal="2" offset="7" sl="164" sc="4" el="164" ec="11" />
                <SequencePoint vc="0" uspid="475" ordinal="3" offset="8" sl="164" sc="21" el="164" ec="22" />
                <SequencePoint vc="0" uspid="476" ordinal="4" offset="15" sl="164" sc="12" el="164" ec="17" />
                <SequencePoint vc="0" uspid="477" ordinal="5" offset="24" sl="165" sc="4" el="165" ec="5" />
                <SequencePoint vc="0" uspid="478" ordinal="6" offset="25" sl="166" sc="5" el="166" ec="31" />
                <SequencePoint vc="0" uspid="479" ordinal="7" offset="39" sl="167" sc="4" el="167" ec="5" />
                <SequencePoint vc="0" uspid="480" ordinal="8" offset="46" sl="164" sc="18" el="164" ec="20" />
                <SequencePoint vc="0" uspid="481" ordinal="9" offset="62" sl="169" sc="4" el="169" ec="15" />
                <SequencePoint vc="0" uspid="482" ordinal="10" offset="66" sl="170" sc="3" el="170" ec="4" />
              </SequencePoints>
              <BranchPoints>
                <BranchPoint vc="0" uspid="483" ordinal="0" offset="60" path="0" />
                <BranchPoint vc="0" uspid="484" ordinal="1" offset="60" path="1" />
              </BranchPoints>
              <MethodPoint xsi:type="SequencePoint" vc="0" uspid="472" ordinal="0" offset="0" sl="162" sc="3" el="162" ec="4" />
            </Method>
            <Method visited="true" cyclomaticComplexity="8" sequenceCoverage="73" branchCoverage="30" isConstructor="false" isStatic="false" isGetter="false" isSetter="false">
              <MetadataToken>100663346</MetadataToken>
              <Name>System.Collections.Generic.List`1&lt;Lisp.Command&gt; Lisp.StateMachine::NextChar(System.Char)</Name>
              <FileRef uid="13" />
              <SequencePoints>
                <SequencePoint vc="5" uspid="485" ordinal="0" offset="0" sl="173" sc="3" el="173" ec="4" />
                <SequencePoint vc="5" uspid="486" ordinal="1" offset="1" sl="174" sc="4" el="174" ec="23" />
                <SequencePoint vc="0" uspid="487" ordinal="2" offset="13" sl="175" sc="4" el="175" ec="5" />
                <SequencePoint vc="0" uspid="488" ordinal="3" offset="14" sl="176" sc="5" el="176" ec="12" />
                <SequencePoint vc="0" uspid="489" ordinal="4" offset="29" sl="177" sc="5" el="177" ec="13" />
                <SequencePoint vc="0" uspid="490" ordinal="5" offset="37" sl="178" sc="5" el="178" ec="32" />
                <SequencePoint vc="5" uspid="491" ordinal="6" offset="48" sl="181" sc="4" el="181" ec="5" />
                <SequencePoint vc="5" uspid="492" ordinal="7" offset="49" sl="182" sc="5" el="182" ec="11" />
                <SequencePoint vc="5" uspid="493" ordinal="8" offset="64" sl="183" sc="5" el="183" ec="23" />
                <SequencePoint vc="1" uspid="494" ordinal="9" offset="76" sl="184" sc="5" el="184" ec="6" />
                <SequencePoint vc="1" uspid="495" ordinal="10" offset="77" sl="185" sc="6" el="185" ec="21" />
                <SequencePoint vc="4" uspid="496" ordinal="11" offset="89" sl="187" sc="4" el="187" ec="5" />
                <SequencePoint vc="4" uspid="497" ordinal="12" offset="90" sl="189" sc="4" el="189" ec="17" />
                <SequencePoint vc="1" uspid="498" ordinal="13" offset="175" sl="191" sc="15" el="191" ec="27" />
                <SequencePoint vc="1" uspid="499" ordinal="14" offset="184" sl="192" sc="15" el="192" ec="27" />
                <SequencePoint vc="1" uspid="500" ordinal="15" offset="193" sl="196" sc="15" el="196" ec="36" />
                <SequencePoint vc="0" uspid="501" ordinal="16" offset="203" sl="197" sc="15" el="197" ec="28" />
                <SequencePoint vc="1" uspid="502" ordinal="17" offset="212" sl="200" sc="4" el="200" ec="24" />
                <SequencePoint vc="5" uspid="503" ordinal="18" offset="222" sl="201" sc="3" el="201" ec="4" />
              </SequencePoints>
              <BranchPoints>
                <BranchPoint vc="0" uspid="504" ordinal="0" offset="11" path="0" />
                <BranchPoint vc="5" uspid="505" ordinal="1" offset="11" path="1" />
                <BranchPoint vc="1" uspid="506" ordinal="2" offset="74" path="0" />
                <BranchPoint vc="4" uspid="507" ordinal="3" offset="74" path="1" />
                <BranchPoint vc="1" uspid="508" ordinal="4" offset="96" path="0" />
                <BranchPoint vc="1" uspid="509" ordinal="5" offset="96" path="1" />
                <BranchPoint vc="1" uspid="510" ordinal="6" offset="96" path="2" />
                <BranchPoint vc="0" uspid="511" ordinal="7" offset="96" path="3" />
                <BranchPoint vc="0" uspid="512" ordinal="8" offset="96" path="4" />
                <BranchPoint vc="0" uspid="513" ordinal="9" offset="96" path="5" />
                <BranchPoint vc="0" uspid="514" ordinal="10" offset="96" path="6" />
                <BranchPoint vc="0" uspid="515" ordinal="11" offset="96" path="7" />
                <BranchPoint vc="0" uspid="516" ordinal="12" offset="96" path="8" />
                <BranchPoint vc="0" uspid="517" ordinal="13" offset="96" path="9" />
                <BranchPoint vc="1" uspid="518" ordinal="14" offset="96" path="10" />
                <BranchPoint vc="0" uspid="519" ordinal="15" offset="96" path="11" />
                <BranchPoint vc="0" uspid="520" ordinal="16" offset="96" path="12" />
                <BranchPoint vc="0" uspid="521" ordinal="17" offset="96" path="13" />
                <BranchPoint vc="0" uspid="522" ordinal="18" offset="96" path="14" />
                <BranchPoint vc="0" uspid="523" ordinal="19" offset="96" path="15" />
                <BranchPoint vc="0" uspid="524" ordinal="20" offset="96" path="16" />
                <BranchPoint vc="0" uspid="525" ordinal="21" offset="96" path="17" />
                <BranchPoint vc="0" uspid="526" ordinal="22" offset="96" path="18" />
              </BranchPoints>
              <MethodPoint xsi:type="SequencePoint" vc="5" uspid="485" ordinal="0" offset="0" sl="173" sc="3" el="173" ec="4" />
            </Method>
            <Method visited="false" cyclomaticComplexity="3" sequenceCoverage="0" branchCoverage="0" isConstructor="false" isStatic="false" isGetter="false" isSetter="false">
              <MetadataToken>100663347</MetadataToken>
              <Name>System.Collections.Generic.List`1&lt;Lisp.Command&gt; Lisp.StateMachine::Dot()</Name>
              <FileRef uid="13" />
              <SequencePoints>
                <SequencePoint vc="0" uspid="527" ordinal="0" offset="0" sl="204" sc="3" el="204" ec="4" />
                <SequencePoint vc="0" uspid="528" ordinal="1" offset="1" sl="205" sc="4" el="205" ec="17" />
                <SequencePoint vc="0" uspid="529" ordinal="2" offset="26" sl="208" sc="6" el="208" ec="26" />
                <SequencePoint vc="0" uspid="530" ordinal="3" offset="40" sl="209" sc="6" el="209" ec="12" />
                <SequencePoint vc="0" uspid="531" ordinal="4" offset="42" sl="212" sc="6" el="212" ec="26" />
                <SequencePoint vc="0" uspid="532" ordinal="5" offset="56" sl="214" sc="6" el="214" ec="7" />
                <SequencePoint vc="0" uspid="533" ordinal="6" offset="57" sl="215" sc="7" el="215" ec="56" />
                <SequencePoint vc="0" uspid="534" ordinal="7" offset="84" sl="216" sc="6" el="216" ec="7" />
                <SequencePoint vc="0" uspid="535" ordinal="8" offset="87" sl="216" sc="7" el="216" ec="29" />
                <SequencePoint vc="0" uspid="536" ordinal="9" offset="88" sl="217" sc="6" el="217" ec="7" />
                <SequencePoint vc="0" uspid="537" ordinal="10" offset="89" sl="218" sc="7" el="218" ec="42" />
                <SequencePoint vc="0" uspid="538" ordinal="11" offset="107" sl="219" sc="7" el="219" ec="31" />
                <SequencePoint vc="0" uspid="539" ordinal="12" offset="108" sl="220" sc="6" el="220" ec="7" />
                <SequencePoint vc="0" uspid="540" ordinal="13" offset="109" sl="221" sc="7" el="221" ec="40" />
                <SequencePoint vc="0" uspid="541" ordinal="14" offset="128" sl="223" sc="6" el="223" ec="12" />
                <SequencePoint vc="0" uspid="542" ordinal="15" offset="130" sl="225" sc="4" el="225" ec="31" />
                <SequencePoint vc="0" uspid="543" ordinal="16" offset="138" sl="226" sc="3" el="226" ec="4" />
              </SequencePoints>
              <BranchPoints>
                <BranchPoint vc="0" uspid="544" ordinal="0" offset="11" path="0" />
                <BranchPoint vc="0" uspid="545" ordinal="1" offset="11" path="1" />
                <BranchPoint vc="0" uspid="546" ordinal="2" offset="11" path="2" />
              </BranchPoints>
              <MethodPoint xsi:type="SequencePoint" vc="0" uspid="527" ordinal="0" offset="0" sl="204" sc="3" el="204" ec="4" />
            </Method>
            <Method visited="true" cyclomaticComplexity="1" sequenceCoverage="100" branchCoverage="100" isConstructor="false" isStatic="false" isGetter="false" isSetter="false">
              <MetadataToken>100663348</MetadataToken>
              <Name>System.Collections.Generic.List`1&lt;Lisp.Command&gt; Lisp.StateMachine::LP()</Name>
              <FileRef uid="13" />
              <SequencePoints>
                <SequencePoint vc="1" uspid="547" ordinal="0" offset="0" sl="229" sc="3" el="229" ec="4" />
                <SequencePoint vc="1" uspid="548" ordinal="1" offset="1" sl="230" sc="4" el="230" ec="37" />
                <SequencePoint vc="1" uspid="549" ordinal="2" offset="9" sl="231" sc="4" el="231" ec="78" />
                <SequencePoint vc="1" uspid="550" ordinal="3" offset="41" sl="232" sc="3" el="232" ec="4" />
              </SequencePoints>
              <BranchPoints />
              <MethodPoint xsi:type="SequencePoint" vc="1" uspid="547" ordinal="0" offset="0" sl="229" sc="3" el="229" ec="4" />
            </Method>
            <Method visited="true" cyclomaticComplexity="3" sequenceCoverage="81" branchCoverage="33" isConstructor="false" isStatic="false" isGetter="false" isSetter="false">
              <MetadataToken>100663349</MetadataToken>
              <Name>System.Collections.Generic.List`1&lt;Lisp.Command&gt; Lisp.StateMachine::RP()</Name>
              <FileRef uid="13" />
              <SequencePoints>
                <SequencePoint vc="1" uspid="551" ordinal="0" offset="0" sl="235" sc="3" el="235" ec="4" />
                <SequencePoint vc="1" uspid="552" ordinal="1" offset="1" sl="236" sc="4" el="236" ec="34" />
                <SequencePoint vc="1" uspid="553" ordinal="2" offset="7" sl="237" sc="4" el="237" ec="17" />
                <SequencePoint vc="0" uspid="554" ordinal="3" offset="34" sl="240" sc="6" el="243" ec="17" />
                <SequencePoint vc="0" uspid="555" ordinal="4" offset="69" sl="244" sc="6" el="244" ec="12" />
                <SequencePoint vc="1" uspid="556" ordinal="5" offset="71" sl="246" sc="6" el="249" ec="17" />
                <SequencePoint vc="1" uspid="557" ordinal="6" offset="106" sl="250" sc="6" el="250" ec="12" />
                <SequencePoint vc="1" uspid="558" ordinal="7" offset="108" sl="252" sc="4" el="252" ec="29" />
                <SequencePoint vc="1" uspid="559" ordinal="8" offset="116" sl="253" sc="4" el="253" ec="59" />
                <SequencePoint vc="1" uspid="560" ordinal="9" offset="138" sl="254" sc="4" el="254" ec="15" />
                <SequencePoint vc="1" uspid="561" ordinal="10" offset="143" sl="255" sc="3" el="255" ec="4" />
              </SequencePoints>
              <BranchPoints>
                <BranchPoint vc="0" uspid="562" ordinal="0" offset="19" path="0" />
                <BranchPoint vc="0" uspid="563" ordinal="1" offset="19" path="1" />
                <BranchPoint vc="1" uspid="564" ordinal="2" offset="19" path="2" />
              </BranchPoints>
              <MethodPoint xsi:type="SequencePoint" vc="1" uspid="551" ordinal="0" offset="0" sl="235" sc="3" el="235" ec="4" />
            </Method>
            <Method visited="true" cyclomaticComplexity="2" sequenceCoverage="85" branchCoverage="50" isConstructor="false" isStatic="false" isGetter="false" isSetter="false">
              <MetadataToken>100663350</MetadataToken>
              <Name>System.Collections.Generic.List`1&lt;Lisp.Command&gt; Lisp.StateMachine::Other(System.Char)</Name>
              <FileRef uid="13" />
              <SequencePoints>
                <SequencePoint vc="1" uspid="565" ordinal="0" offset="0" sl="258" sc="3" el="258" ec="4" />
                <SequencePoint vc="1" uspid="566" ordinal="1" offset="1" sl="259" sc="4" el="259" ec="17" />
                <SequencePoint vc="0" uspid="567" ordinal="2" offset="14" sl="262" sc="6" el="262" ec="41" />
                <SequencePoint vc="1" uspid="568" ordinal="3" offset="32" sl="264" sc="4" el="264" ec="35" />
                <SequencePoint vc="1" uspid="569" ordinal="4" offset="40" sl="266" sc="4" el="266" ec="26" />
                <SequencePoint vc="1" uspid="570" ordinal="5" offset="53" sl="268" sc="4" el="268" ec="31" />
                <SequencePoint vc="1" uspid="571" ordinal="6" offset="61" sl="269" sc="3" el="269" ec="4" />
              </SequencePoints>
              <BranchPoints>
                <BranchPoint vc="1" uspid="572" ordinal="0" offset="10" path="0" />
                <BranchPoint vc="0" uspid="573" ordinal="1" offset="10" path="1" />
              </BranchPoints>
              <MethodPoint xsi:type="SequencePoint" vc="1" uspid="565" ordinal="0" offset="0" sl="258" sc="3" el="258" ec="4" />
            </Method>
            <Method visited="true" cyclomaticComplexity="2" sequenceCoverage="85" branchCoverage="50" isConstructor="false" isStatic="false" isGetter="false" isSetter="false">
              <MetadataToken>100663351</MetadataToken>
              <Name>System.Collections.Generic.List`1&lt;Lisp.Command&gt; Lisp.StateMachine::Number(System.Char)</Name>
              <FileRef uid="13" />
              <SequencePoints>
                <SequencePoint vc="1" uspid="574" ordinal="0" offset="0" sl="272" sc="3" el="272" ec="4" />
                <SequencePoint vc="1" uspid="575" ordinal="1" offset="1" sl="273" sc="4" el="273" ec="17" />
                <SequencePoint vc="0" uspid="576" ordinal="2" offset="14" sl="276" sc="6" el="276" ec="44" />
                <SequencePoint vc="1" uspid="577" ordinal="3" offset="32" sl="278" sc="4" el="278" ec="36" />
                <SequencePoint vc="1" uspid="578" ordinal="4" offset="40" sl="279" sc="4" el="279" ec="26" />
                <SequencePoint vc="1" uspid="579" ordinal="5" offset="53" sl="280" sc="4" el="280" ec="31" />
                <SequencePoint vc="1" uspid="580" ordinal="6" offset="61" sl="281" sc="3" el="281" ec="4" />
              </SequencePoints>
              <BranchPoints>
                <BranchPoint vc="1" uspid="581" ordinal="0" offset="10" path="0" />
                <BranchPoint vc="0" uspid="582" ordinal="1" offset="10" path="1" />
              </BranchPoints>
              <MethodPoint xsi:type="SequencePoint" vc="1" uspid="574" ordinal="0" offset="0" sl="272" sc="3" el="272" ec="4" />
            </Method>
            <Method visited="true" cyclomaticComplexity="4" sequenceCoverage="62" branchCoverage="33" isConstructor="false" isStatic="false" isGetter="false" isSetter="false">
              <MetadataToken>100663352</MetadataToken>
              <Name>System.Collections.Generic.List`1&lt;Lisp.Command&gt; Lisp.StateMachine::Space()</Name>
              <FileRef uid="13" />
              <SequencePoints>
                <SequencePoint vc="1" uspid="583" ordinal="0" offset="0" sl="284" sc="3" el="284" ec="4" />
                <SequencePoint vc="1" uspid="584" ordinal="1" offset="1" sl="285" sc="4" el="285" ec="17" />
                <SequencePoint vc="1" uspid="585" ordinal="2" offset="28" sl="288" sc="6" el="288" ec="37" />
                <SequencePoint vc="1" uspid="586" ordinal="3" offset="36" sl="289" sc="6" el="292" ec="34" />
                <SequencePoint vc="0" uspid="587" ordinal="4" offset="82" sl="294" sc="6" el="294" ec="37" />
                <SequencePoint vc="0" uspid="588" ordinal="5" offset="90" sl="295" sc="6" el="298" ec="34" />
                <SequencePoint vc="0" uspid="589" ordinal="6" offset="136" sl="301" sc="4" el="301" ec="31" />
                <SequencePoint vc="1" uspid="590" ordinal="7" offset="145" sl="302" sc="3" el="302" ec="4" />
              </SequencePoints>
              <BranchPoints>
                <BranchPoint vc="0" uspid="591" ordinal="0" offset="13" path="0" />
                <BranchPoint vc="1" uspid="592" ordinal="1" offset="13" path="1" />
                <BranchPoint vc="0" uspid="593" ordinal="2" offset="13" path="2" />
              </BranchPoints>
              <MethodPoint xsi:type="SequencePoint" vc="1" uspid="583" ordinal="0" offset="0" sl="284" sc="3" el="284" ec="4" />
            </Method>
          </Methods>
        </Class>
      </Classes>
    </Module>
    <Module skippedDueTo="Filter" hash="8E-0E-EC-DF-A6-A6-A0-CB-D3-B7-12-AE-28-BD-EA-06-8D-F6-D4-F7">
      <FullName>C:\Windows\Microsoft.Net\assembly\GAC_MSIL\System.Configuration\v4.0_4.0.0.0__b03f5f7f11d50a3a\System.Configuration.dll</FullName>
      <ModuleName>System.Configuration</ModuleName>
      <Classes />
    </Module>
  </Modules>
</CoverageSession>